Using pre-set license
Built from '2021.3/staging' branch; Version is '2021.3.39f1 (fb3b7b32f191) revision 16464763'; Using compiler version '192829333'; Build Type 'Release'
OS: 'Windows 11  (10.0.22631) 64bit Core' Language: 'en' Physical Memory: 16262 MB
BatchMode: 1, IsHumanControllingUs: 0, StartBugReporterOnCrash: 0, Is64bit: 1, IsPro: 1

COMMAND LINE ARGUMENTS:
C:\Program Files\Unity\Hub\Editor\2021.3.39f1\Editor\Unity.exe
-adb2
-batchMode
-noUpm
-name
AssetImportWorker0
-projectPath
C:/Users/Instructor/Documents/GitHub/Castle-Conquest-Unity-2D-Game/Castle Conquest
-logFile
Logs/AssetImportWorker0.log
-srvPort
54157
Successfully changed project path to: C:/Users/Instructor/Documents/GitHub/Castle-Conquest-Unity-2D-Game/Castle Conquest
C:/Users/Instructor/Documents/GitHub/Castle-Conquest-Unity-2D-Game/Castle Conquest
[UnityMemory] Configuration Parameters - Can be set up in boot.config
    "memorysetup-bucket-allocator-granularity=16"
    "memorysetup-bucket-allocator-bucket-count=8"
    "memorysetup-bucket-allocator-block-size=33554432"
    "memorysetup-bucket-allocator-block-count=8"
    "memorysetup-main-allocator-block-size=16777216"
    "memorysetup-thread-allocator-block-size=16777216"
    "memorysetup-gfx-main-allocator-block-size=16777216"
    "memorysetup-gfx-thread-allocator-block-size=16777216"
    "memorysetup-cache-allocator-block-size=4194304"
    "memorysetup-typetree-allocator-block-size=2097152"
    "memorysetup-profiler-bucket-allocator-granularity=16"
    "memorysetup-profiler-bucket-allocator-bucket-count=8"
    "memorysetup-profiler-bucket-allocator-block-size=33554432"
    "memorysetup-profiler-bucket-allocator-block-count=8"
    "memorysetup-profiler-allocator-block-size=16777216"
    "memorysetup-profiler-editor-allocator-block-size=1048576"
    "memorysetup-temp-allocator-size-main=16777216"
    "memorysetup-job-temp-allocator-block-size=2097152"
    "memorysetup-job-temp-allocator-block-size-background=1048576"
    "memorysetup-job-temp-allocator-reduction-small-platforms=262144"
    "memorysetup-temp-allocator-size-background-worker=32768"
    "memorysetup-temp-allocator-size-job-worker=262144"
    "memorysetup-temp-allocator-size-preload-manager=33554432"
    "memorysetup-temp-allocator-size-nav-mesh-worker=65536"
    "memorysetup-temp-allocator-size-audio-worker=65536"
    "memorysetup-temp-allocator-size-cloud-worker=32768"
    "memorysetup-temp-allocator-size-gi-baking-worker=262144"
    "memorysetup-temp-allocator-size-gfx=262144"
Player connection [8260] Host "[IP] 192.168.8.11 [Port] 0 [Flags] 2 [Guid] 2960355469 [EditorId] 2960355469 [Version] 1048832 [Id] WindowsEditor(7,LAPTOP-1I0RAGN4) [Debug] 1 [PackageName] WindowsEditor [ProjectName] Editor" joined multi-casting on [225.0.0.222:54997]...

Player connection [8260] Host "[IP] 192.168.8.11 [Port] 0 [Flags] 2 [Guid] 2960355469 [EditorId] 2960355469 [Version] 1048832 [Id] WindowsEditor(7,LAPTOP-1I0RAGN4) [Debug] 1 [PackageName] WindowsEditor [ProjectName] Editor" joined alternative multi-casting on [225.0.0.222:34997]...

[Physics::Module] Initialized MultithreadedJobDispatcher with {0} workers.
Refreshing native plugins compatible for Editor in 113.53 ms, found 4 plugins.
Preloading 0 native plugins for Editor in 0.00 ms.
Initialize engine version: 2021.3.39f1 (fb3b7b32f191)
[Subsystems] Discovering subsystems at path C:/Program Files/Unity/Hub/Editor/2021.3.39f1/Editor/Data/Resources/UnitySubsystems
[Subsystems] Discovering subsystems at path C:/Users/Instructor/Documents/GitHub/Castle-Conquest-Unity-2D-Game/Castle Conquest/Assets
GfxDevice: creating device client; threaded=0; jobified=0
Direct3D:
    Version:  Direct3D 11.0 [level 11.1]
    Renderer: NVIDIA GeForce GTX 1060 with Max-Q Design (ID=0x1c20)
    Vendor:   NVIDIA
    VRAM:     6052 MB
    Driver:   30.0.15.1278
Initialize mono
Mono path[0] = 'C:/Program Files/Unity/Hub/Editor/2021.3.39f1/Editor/Data/Managed'
Mono path[1] = 'C:/Program Files/Unity/Hub/Editor/2021.3.39f1/Editor/Data/MonoBleedingEdge/lib/mono/unityjit-win32'
Mono config path = 'C:/Program Files/Unity/Hub/Editor/2021.3.39f1/Editor/Data/MonoBleedingEdge/etc'
Using monoOptions --debugger-agent=transport=dt_socket,embedding=1,server=y,suspend=n,address=127.0.0.1:56000
Begin MonoManager ReloadAssembly
Registering precompiled unity dll's ...
Register platform support module: C:/Program Files/Unity/Hub/Editor/2021.3.39f1/Editor/Data/PlaybackEngines/WindowsStandaloneSupport/UnityEditor.WindowsStandalone.Extensions.dll
Registered in 0.007969 seconds.
Native extension for WindowsStandalone target not found
Refreshing native plugins compatible for Editor in 93.83 ms, found 4 plugins.
Preloading 0 native plugins for Editor in 0.00 ms.
Mono: successfully reloaded assembly
- Completed reload, in  0.851 seconds
Domain Reload Profiling:
	ReloadAssembly (852ms)
		BeginReloadAssembly (131ms)
			ExecutionOrderSort (0ms)
			DisableScriptedObjects (0ms)
			BackupInstance (0ms)
			ReleaseScriptingObjects (0ms)
			CreateAndSetChildDomain (1ms)
		EndReloadAssembly (590ms)
			LoadAssemblies (128ms)
			RebuildTransferFunctionScriptingTraits (0ms)
			SetupTypeCache (148ms)
			ReleaseScriptCaches (0ms)
			RebuildScriptCaches (36ms)
			SetupLoadedEditorAssemblies (351ms)
				LogAssemblyErrors (0ms)
				InitializePlatformSupportModulesInManaged (9ms)
				SetLoadedEditorAssemblies (0ms)
				RefreshPlugins (94ms)
				BeforeProcessingInitializeOnLoad (2ms)
				ProcessInitializeOnLoadAttributes (190ms)
				ProcessInitializeOnLoadMethodAttributes (56ms)
				AfterProcessingInitializeOnLoad (0ms)
				EditorAssembliesLoaded (0ms)
			ExecutionOrderSort2 (0ms)
			AwakeInstancesAfterBackupRestoration (0ms)
Platform modules already initialized, skipping
Registering precompiled user dll's ...
Registered in 0.011615 seconds.
Begin MonoManager ReloadAssembly
Native extension for WindowsStandalone target not found
Refreshing native plugins compatible for Editor in 95.04 ms, found 4 plugins.
Preloading 0 native plugins for Editor in 0.00 ms.
Package Manager log level set to [2]
[Package Manager] Server::EnsureServerProcessIsRunning -- launch failed, reason: Unity was launched with the -noUpm command-line argument
[Package Manager] Cannot connect to Unity Package Manager local server
Mono: successfully reloaded assembly
- Completed reload, in  1.673 seconds
Domain Reload Profiling:
	ReloadAssembly (1674ms)
		BeginReloadAssembly (153ms)
			ExecutionOrderSort (0ms)
			DisableScriptedObjects (7ms)
			BackupInstance (0ms)
			ReleaseScriptingObjects (0ms)
			CreateAndSetChildDomain (21ms)
		EndReloadAssembly (1396ms)
			LoadAssemblies (126ms)
			RebuildTransferFunctionScriptingTraits (0ms)
			SetupTypeCache (272ms)
			ReleaseScriptCaches (1ms)
			RebuildScriptCaches (61ms)
			SetupLoadedEditorAssemblies (917ms)
				LogAssemblyErrors (0ms)
				InitializePlatformSupportModulesInManaged (5ms)
				SetLoadedEditorAssemblies (0ms)
				RefreshPlugins (95ms)
				BeforeProcessingInitializeOnLoad (111ms)
				ProcessInitializeOnLoadAttributes (649ms)
				ProcessInitializeOnLoadMethodAttributes (47ms)
				AfterProcessingInitializeOnLoad (10ms)
				EditorAssembliesLoaded (0ms)
			ExecutionOrderSort2 (0ms)
			AwakeInstancesAfterBackupRestoration (8ms)
Platform modules already initialized, skipping
========================================================================
Worker process is ready to serve import requests
Launched and connected shader compiler UnityShaderCompiler.exe after 0.06 seconds
Refreshing native plugins compatible for Editor in 1.41 ms, found 4 plugins.
Preloading 0 native plugins for Editor in 0.00 ms.
Unloading 3863 Unused Serialized files (Serialized files now loaded: 0)
Unloading 37 unused Assets / (46.4 KB). Loaded Objects now: 4320.
Memory consumption went from 147.5 MB to 147.5 MB.
Total: 3.589500 ms (FindLiveObjects: 0.291800 ms CreateObjectMapping: 0.214600 ms MarkObjects: 2.914400 ms  DeleteObjects: 0.156800 ms)

AssetImportParameters requested are different than current active one (requested -> active):
  custom:video-decoder-ogg-theora: a1e56fd34408186e4bbccfd4996cb3dc -> 
  custom:container-muxer-webm: aa71ff27fc2769a1b78a27578f13a17b -> 
  custom:container-demuxer-webm: 4f35f7cbe854078d1ac9338744f61a02 -> 
  custom:video-encoder-webm-vp8: eb34c28f22e8b96e1ab97ce403110664 -> 
  custom:video-codec-MediaFoundation-h265: 746d11721c4dcdbdad8f713fa42b33f4 -> 
  custom:CustomObjectIndexerAttribute: bc11b3a6c3213fcdd17b65e7da85e133 -> 
  custom:audio-encoder-webm-vorbis: bf7c407c2cedff20999df2af8eb42d56 -> 
  custom:framework-win-MediaFoundation: 216162199b28c13a410421893ffa2e32 -> 
  custom:SearchIndexIgnoredProperties: e643bd26f0fe6173181afceb89e7c659 -> 
  custom:container-demuxer-ogg: 62fdf1f143b41e24485cea50d1cbac27 -> 
  custom:video-decoder-webm-vp8: 9c59270c3fd7afecdb556c50c9e8de78 -> 
  custom:audio-decoder-ogg-vorbis: bf7c407c2cedff20999df2af8eb42d56 -> 
========================================================================
Received Import Request.
  Time since last request: 17082.963354 seconds.
  path: Assets/Tiles/Background Rule Tiling.asset
  artifactKey: Guid(dd1059a4f911f694ebd70e7a74f187a2) Importer(815301076,1909f56bfc062723c751e8b465ee728b)
Number of updated assets reloaded before import = 0
Start importing Assets/Tiles/Background Rule Tiling.asset using Guid(dd1059a4f911f694ebd70e7a74f187a2) Importer(815301076,1909f56bfc062723c751e8b465ee728b)  -> (artifact id: '53d0b1859d15ec53023b70fe746c95b3') in 0.052187 seconds 
Number of asset objects unloaded after import = 1
========================================================================
Received Import Request.
  Time since last request: 56.903147 seconds.
  path: Assets/Tiles/Main Palette.prefab
  artifactKey: Guid(502f0d1a3f915314cbde342bdf895344) Importer(815301076,1909f56bfc062723c751e8b465ee728b)
Number of updated assets reloaded before import = 0
Start importing Assets/Tiles/Main Palette.prefab using Guid(502f0d1a3f915314cbde342bdf895344) Importer(815301076,1909f56bfc062723c751e8b465ee728b)  -> (artifact id: '560d9d59162ca3e73c87a844bd1816f8') in 0.180595 seconds 
Number of asset objects unloaded after import = 293
========================================================================
Received Import Request.
  Time since last request: 82.727675 seconds.
  path: Assets/Tiles/Terrain/Terrain+(32x32)_0.asset
  artifactKey: Guid(81aedaeab26370a418da1ceed93802a0) Importer(815301076,1909f56bfc062723c751e8b465ee728b)
Number of updated assets reloaded before import = 0
Start importing Assets/Tiles/Terrain/Terrain+(32x32)_0.asset using Guid(81aedaeab26370a418da1ceed93802a0) Importer(815301076,1909f56bfc062723c751e8b465ee728b)  -> (artifact id: 'cfb4c0d4de7b8caa49bd582ad686741d') in 0.018962 seconds 
Number of asset objects unloaded after import = 3
========================================================================
Received Import Request.
  Time since last request: 0.000016 seconds.
  path: Assets/Tiles/Terrain/Terrain+(32x32)_17.asset
  artifactKey: Guid(6af9d99ffa8fc23489f2588a754c0bc9) Importer(815301076,1909f56bfc062723c751e8b465ee728b)
Number of updated assets reloaded before import = 0
Start importing Assets/Tiles/Terrain/Terrain+(32x32)_17.asset using Guid(6af9d99ffa8fc23489f2588a754c0bc9) Importer(815301076,1909f56bfc062723c751e8b465ee728b)  -> (artifact id: 'eb6013a803886a58a572592206b80d13') in 0.013258 seconds 
Number of asset objects unloaded after import = 3
========================================================================
Received Import Request.
  Time since last request: 0.000019 seconds.
  path: Assets/Tiles/Terrain/Terrain+(32x32)_20.asset
  artifactKey: Guid(4f2d457316392464f85e084cd9517970) Importer(815301076,1909f56bfc062723c751e8b465ee728b)
Number of updated assets reloaded before import = 0
Start importing Assets/Tiles/Terrain/Terrain+(32x32)_20.asset using Guid(4f2d457316392464f85e084cd9517970) Importer(815301076,1909f56bfc062723c751e8b465ee728b)  -> (artifact id: '3901d4aa2edf375ef79113bcb2bfd843') in 0.012919 seconds 
Number of asset objects unloaded after import = 3
========================================================================
Received Import Request.
  Time since last request: 0.000027 seconds.
  path: Assets/Tiles/Terrain/Terrain+(32x32)_36.asset
  artifactKey: Guid(b55fedeb984b15b4e8a1eb75fa6c6283) Importer(815301076,1909f56bfc062723c751e8b465ee728b)
Number of updated assets reloaded before import = 0
Start importing Assets/Tiles/Terrain/Terrain+(32x32)_36.asset using Guid(b55fedeb984b15b4e8a1eb75fa6c6283) Importer(815301076,1909f56bfc062723c751e8b465ee728b)  -> (artifact id: '347dc4230d674f0a35857ab40f10e1cd') in 0.012705 seconds 
Number of asset objects unloaded after import = 3
========================================================================
Received Import Request.
  Time since last request: 0.000016 seconds.
  path: Assets/Tiles/Terrain/Terrain+(32x32)_2.asset
  artifactKey: Guid(1587ee5b3b4f5c042b71e189e75cac30) Importer(815301076,1909f56bfc062723c751e8b465ee728b)
Number of updated assets reloaded before import = 0
Start importing Assets/Tiles/Terrain/Terrain+(32x32)_2.asset using Guid(1587ee5b3b4f5c042b71e189e75cac30) Importer(815301076,1909f56bfc062723c751e8b465ee728b)  -> (artifact id: '4fd26c438c5d038a228f03951132c24a') in 0.012677 seconds 
Number of asset objects unloaded after import = 3
========================================================================
Received Import Request.
  Time since last request: 0.000027 seconds.
  path: Assets/Tiles/Terrain/Terrain+(32x32)_22.asset
  artifactKey: Guid(cc771a7819a50d0419936db737a84e64) Importer(815301076,1909f56bfc062723c751e8b465ee728b)
Number of updated assets reloaded before import = 0
Start importing Assets/Tiles/Terrain/Terrain+(32x32)_22.asset using Guid(cc771a7819a50d0419936db737a84e64) Importer(815301076,1909f56bfc062723c751e8b465ee728b)  -> (artifact id: '3fbf34c7d06e16e1b8c13c8f1b3c0ad5') in 0.013257 seconds 
Number of asset objects unloaded after import = 3
========================================================================
Received Import Request.
  Time since last request: 0.000024 seconds.
  path: Assets/Tiles/Terrain/Terrain+(32x32)_18.asset
  artifactKey: Guid(06cf2eb06794b514fa651ab836771240) Importer(815301076,1909f56bfc062723c751e8b465ee728b)
Number of updated assets reloaded before import = 0
Start importing Assets/Tiles/Terrain/Terrain+(32x32)_18.asset using Guid(06cf2eb06794b514fa651ab836771240) Importer(815301076,1909f56bfc062723c751e8b465ee728b)  -> (artifact id: '279ecda6df11f806010792e8299e5cd1') in 0.012890 seconds 
Number of asset objects unloaded after import = 3
========================================================================
Received Import Request.
  Time since last request: 0.000015 seconds.
  path: Assets/Tiles/Terrain/Terrain+(32x32)_27.asset
  artifactKey: Guid(5d4c4b2cf700f984cb482add132d668f) Importer(815301076,1909f56bfc062723c751e8b465ee728b)
Number of updated assets reloaded before import = 0
Start importing Assets/Tiles/Terrain/Terrain+(32x32)_27.asset using Guid(5d4c4b2cf700f984cb482add132d668f) Importer(815301076,1909f56bfc062723c751e8b465ee728b)  -> (artifact id: 'bc148e6d6e633b74eb1911166a0d755e') in 0.013653 seconds 
Number of asset objects unloaded after import = 3
========================================================================
Received Import Request.
  Time since last request: 0.000015 seconds.
  path: Assets/Tiles/Terrain/Terrain+(32x32)_30.asset
  artifactKey: Guid(53bd4634138146a4299989ce24890028) Importer(815301076,1909f56bfc062723c751e8b465ee728b)
Number of updated assets reloaded before import = 0
Start importing Assets/Tiles/Terrain/Terrain+(32x32)_30.asset using Guid(53bd4634138146a4299989ce24890028) Importer(815301076,1909f56bfc062723c751e8b465ee728b)  -> (artifact id: '4a12ab3750b4bd1b0efc4ea65648a125') in 0.014301 seconds 
Number of asset objects unloaded after import = 3
========================================================================
Received Import Request.
  Time since last request: 0.000016 seconds.
  path: Assets/Tiles/Terrain/Terrain+(32x32)_9.asset
  artifactKey: Guid(7dc625e0ed77e9847ace3e8b9b84f16c) Importer(815301076,1909f56bfc062723c751e8b465ee728b)
Number of updated assets reloaded before import = 0
Start importing Assets/Tiles/Terrain/Terrain+(32x32)_9.asset using Guid(7dc625e0ed77e9847ace3e8b9b84f16c) Importer(815301076,1909f56bfc062723c751e8b465ee728b)  -> (artifact id: '9920a5a9101f2f908cd9fb149b92fe21') in 0.012357 seconds 
Number of asset objects unloaded after import = 3
========================================================================
Received Import Request.
  Time since last request: 0.000019 seconds.
  path: Assets/Tiles/Terrain/Terrain+(32x32)_23.asset
  artifactKey: Guid(06e5d4cdb2c3b514fb68fbf6f8e56197) Importer(815301076,1909f56bfc062723c751e8b465ee728b)
Number of updated assets reloaded before import = 0
Start importing Assets/Tiles/Terrain/Terrain+(32x32)_23.asset using Guid(06e5d4cdb2c3b514fb68fbf6f8e56197) Importer(815301076,1909f56bfc062723c751e8b465ee728b)  -> (artifact id: 'b0b59e1c0902d42008f81aed617ec5fd') in 0.014480 seconds 
Number of asset objects unloaded after import = 3
========================================================================
Received Import Request.
  Time since last request: 0.000016 seconds.
  path: Assets/Tiles/Terrain/Terrain+(32x32)_12.asset
  artifactKey: Guid(10d759c5dff33074d8e7b3d7f6be455a) Importer(815301076,1909f56bfc062723c751e8b465ee728b)
Number of updated assets reloaded before import = 0
Start importing Assets/Tiles/Terrain/Terrain+(32x32)_12.asset using Guid(10d759c5dff33074d8e7b3d7f6be455a) Importer(815301076,1909f56bfc062723c751e8b465ee728b)  -> (artifact id: '655530a9671902e46d1417fd47939d2b') in 0.013769 seconds 
Number of asset objects unloaded after import = 3
========================================================================
Received Import Request.
  Time since last request: 0.000016 seconds.
  path: Assets/Tiles/Terrain/Terrain+(32x32)_8.asset
  artifactKey: Guid(8f6bebdd927822e47bdcc850ae282ffe) Importer(815301076,1909f56bfc062723c751e8b465ee728b)
Number of updated assets reloaded before import = 0
Start importing Assets/Tiles/Terrain/Terrain+(32x32)_8.asset using Guid(8f6bebdd927822e47bdcc850ae282ffe) Importer(815301076,1909f56bfc062723c751e8b465ee728b)  -> (artifact id: 'b48bca649da04f208d536c3ff620e7b7') in 0.013274 seconds 
Number of asset objects unloaded after import = 3
========================================================================
Received Import Request.
  Time since last request: 0.000019 seconds.
  path: Assets/Tiles/Terrain/Terrain+(32x32)_24.asset
  artifactKey: Guid(48a9f09e3389cd9448e7e675319a4de0) Importer(815301076,1909f56bfc062723c751e8b465ee728b)
Number of updated assets reloaded before import = 0
Start importing Assets/Tiles/Terrain/Terrain+(32x32)_24.asset using Guid(48a9f09e3389cd9448e7e675319a4de0) Importer(815301076,1909f56bfc062723c751e8b465ee728b)  -> (artifact id: '8750b819c35232bea76bac2f82b9db2a') in 0.012261 seconds 
Number of asset objects unloaded after import = 3
========================================================================
Received Import Request.
  Time since last request: 0.000023 seconds.
  path: Assets/Tiles/Terrain/Terrain+(32x32)_26.asset
  artifactKey: Guid(12f82c0601a7f0446a61369bdb6b5087) Importer(815301076,1909f56bfc062723c751e8b465ee728b)
Number of updated assets reloaded before import = 0
Start importing Assets/Tiles/Terrain/Terrain+(32x32)_26.asset using Guid(12f82c0601a7f0446a61369bdb6b5087) Importer(815301076,1909f56bfc062723c751e8b465ee728b)  -> (artifact id: '350c48041ace1feaa88a5ebb220f9fa2') in 0.015265 seconds 
Number of asset objects unloaded after import = 3
========================================================================
Received Import Request.
  Time since last request: 0.000024 seconds.
  path: Assets/Tiles/Terrain/Terrain+(32x32)_16.asset
  artifactKey: Guid(51ebddc6894836e4995ae1bbf8ebaa6e) Importer(815301076,1909f56bfc062723c751e8b465ee728b)
Number of updated assets reloaded before import = 0
Start importing Assets/Tiles/Terrain/Terrain+(32x32)_16.asset using Guid(51ebddc6894836e4995ae1bbf8ebaa6e) Importer(815301076,1909f56bfc062723c751e8b465ee728b)  -> (artifact id: '5439e3af642272fcfa47cbf7a8279fba') in 0.012973 seconds 
Number of asset objects unloaded after import = 3
========================================================================
Received Import Request.
  Time since last request: 0.000015 seconds.
  path: Assets/Tiles/Terrain/Terrain+(32x32)_28.asset
  artifactKey: Guid(a4553e4d76b386e4787a468a20fec7ad) Importer(815301076,1909f56bfc062723c751e8b465ee728b)
Number of updated assets reloaded before import = 0
Start importing Assets/Tiles/Terrain/Terrain+(32x32)_28.asset using Guid(a4553e4d76b386e4787a468a20fec7ad) Importer(815301076,1909f56bfc062723c751e8b465ee728b)  -> (artifact id: 'a8ebf8de9c748776ad4582d479269608') in 0.012897 seconds 
Number of asset objects unloaded after import = 3
========================================================================
Received Import Request.
  Time since last request: 0.000022 seconds.
  path: Assets/Tiles/Terrain/Terrain+(32x32)_34.asset
  artifactKey: Guid(089eb1e42882a9e4d82f2ac2b46a4477) Importer(815301076,1909f56bfc062723c751e8b465ee728b)
Number of updated assets reloaded before import = 0
Start importing Assets/Tiles/Terrain/Terrain+(32x32)_34.asset using Guid(089eb1e42882a9e4d82f2ac2b46a4477) Importer(815301076,1909f56bfc062723c751e8b465ee728b)  -> (artifact id: 'a0b02dc40e0a1c42df427b310eeac8eb') in 0.013117 seconds 
Number of asset objects unloaded after import = 3
========================================================================
Received Import Request.
  Time since last request: 0.000021 seconds.
  path: Assets/Tiles/Terrain/Terrain+(32x32)_25.asset
  artifactKey: Guid(96cb93da28af0ff458e1f13146ff0753) Importer(815301076,1909f56bfc062723c751e8b465ee728b)
Number of updated assets reloaded before import = 0
Start importing Assets/Tiles/Terrain/Terrain+(32x32)_25.asset using Guid(96cb93da28af0ff458e1f13146ff0753) Importer(815301076,1909f56bfc062723c751e8b465ee728b)  -> (artifact id: 'ffcc7d5e841844338130de5f865b7a3a') in 0.017941 seconds 
Number of asset objects unloaded after import = 3
========================================================================
Received Import Request.
  Time since last request: 0.000024 seconds.
  path: Assets/Tiles/Terrain/Terrain+(32x32)_11.asset
  artifactKey: Guid(99f5a60a06a99134bb5ce55263329b1a) Importer(815301076,1909f56bfc062723c751e8b465ee728b)
Number of updated assets reloaded before import = 0
Start importing Assets/Tiles/Terrain/Terrain+(32x32)_11.asset using Guid(99f5a60a06a99134bb5ce55263329b1a) Importer(815301076,1909f56bfc062723c751e8b465ee728b)  -> (artifact id: '5dba7808319fe316b1dc3e7a9954d970') in 0.021086 seconds 
Number of asset objects unloaded after import = 3
========================================================================
Received Import Request.
  Time since last request: 0.000020 seconds.
  path: Assets/Tiles/Terrain/Terrain+(32x32)_31.asset
  artifactKey: Guid(54b28c5b409fce346954e1cd6a2bf4fd) Importer(815301076,1909f56bfc062723c751e8b465ee728b)
Number of updated assets reloaded before import = 0
Start importing Assets/Tiles/Terrain/Terrain+(32x32)_31.asset using Guid(54b28c5b409fce346954e1cd6a2bf4fd) Importer(815301076,1909f56bfc062723c751e8b465ee728b)  -> (artifact id: '8053c64c342586c296013daf2681417e') in 0.015672 seconds 
Number of asset objects unloaded after import = 3
========================================================================
Received Import Request.
  Time since last request: 0.000029 seconds.
  path: Assets/Tiles/Terrain/Terrain+(32x32)_1.asset
  artifactKey: Guid(19ba1daa39b829a4f958767d1a3b7034) Importer(815301076,1909f56bfc062723c751e8b465ee728b)
Number of updated assets reloaded before import = 0
Start importing Assets/Tiles/Terrain/Terrain+(32x32)_1.asset using Guid(19ba1daa39b829a4f958767d1a3b7034) Importer(815301076,1909f56bfc062723c751e8b465ee728b)  -> (artifact id: 'f8cb198ed3da253f594abfa98b3fac9d') in 0.014035 seconds 
Number of asset objects unloaded after import = 3
========================================================================
Received Import Request.
  Time since last request: 0.000020 seconds.
  path: Assets/Tiles/Terrain/Terrain+(32x32)_4.asset
  artifactKey: Guid(f5b99ca53bf7def4b97e5cb0b65e2bc5) Importer(815301076,1909f56bfc062723c751e8b465ee728b)
Number of updated assets reloaded before import = 0
Start importing Assets/Tiles/Terrain/Terrain+(32x32)_4.asset using Guid(f5b99ca53bf7def4b97e5cb0b65e2bc5) Importer(815301076,1909f56bfc062723c751e8b465ee728b)  -> (artifact id: '445ad2cb3e43b6c3d02a2ffc56e04fbf') in 0.016697 seconds 
Number of asset objects unloaded after import = 3
========================================================================
Received Import Request.
  Time since last request: 0.000018 seconds.
  path: Assets/Tiles/Terrain/Terrain+(32x32)_5.asset
  artifactKey: Guid(a8f7a559f2523524992e969a4ed85c3f) Importer(815301076,1909f56bfc062723c751e8b465ee728b)
Number of updated assets reloaded before import = 0
Start importing Assets/Tiles/Terrain/Terrain+(32x32)_5.asset using Guid(a8f7a559f2523524992e969a4ed85c3f) Importer(815301076,1909f56bfc062723c751e8b465ee728b)  -> (artifact id: 'd179e8cae3c1cf6c66c1a04f90173549') in 0.012451 seconds 
Number of asset objects unloaded after import = 3
========================================================================
Received Import Request.
  Time since last request: 0.000019 seconds.
  path: Assets/Tiles/Terrain/Terrain+(32x32)_3.asset
  artifactKey: Guid(d4963737d59bae94e822b74d09aee4ab) Importer(815301076,1909f56bfc062723c751e8b465ee728b)
Number of updated assets reloaded before import = 0
Start importing Assets/Tiles/Terrain/Terrain+(32x32)_3.asset using Guid(d4963737d59bae94e822b74d09aee4ab) Importer(815301076,1909f56bfc062723c751e8b465ee728b)  -> (artifact id: '6830fe20e7e88d7ec3903b3aa311701f') in 0.012187 seconds 
Number of asset objects unloaded after import = 3
========================================================================
Received Import Request.
  Time since last request: 0.000016 seconds.
  path: Assets/Tiles/Terrain/Terrain+(32x32)_10.asset
  artifactKey: Guid(acd5a1c73204f5c4fbbeafd2cbcfbbee) Importer(815301076,1909f56bfc062723c751e8b465ee728b)
Number of updated assets reloaded before import = 0
Start importing Assets/Tiles/Terrain/Terrain+(32x32)_10.asset using Guid(acd5a1c73204f5c4fbbeafd2cbcfbbee) Importer(815301076,1909f56bfc062723c751e8b465ee728b)  -> (artifact id: '81973d81a85181800296b83b62dde7d2') in 0.013673 seconds 
Number of asset objects unloaded after import = 3
========================================================================
Received Import Request.
  Time since last request: 0.000016 seconds.
  path: Assets/Tiles/Terrain/Terrain+(32x32)_13.asset
  artifactKey: Guid(b6ec21cb66df4014bb799fa2f3b86a75) Importer(815301076,1909f56bfc062723c751e8b465ee728b)
Number of updated assets reloaded before import = 0
Start importing Assets/Tiles/Terrain/Terrain+(32x32)_13.asset using Guid(b6ec21cb66df4014bb799fa2f3b86a75) Importer(815301076,1909f56bfc062723c751e8b465ee728b)  -> (artifact id: 'cec77aa3e2c75fd034608e73a818bd08') in 0.012496 seconds 
Number of asset objects unloaded after import = 3
========================================================================
Received Import Request.
  Time since last request: 0.000019 seconds.
  path: Assets/Tiles/Terrain/Terrain+(32x32)_32.asset
  artifactKey: Guid(9b9cc0f7604747a4b8dba077d2f45554) Importer(815301076,1909f56bfc062723c751e8b465ee728b)
Number of updated assets reloaded before import = 0
Start importing Assets/Tiles/Terrain/Terrain+(32x32)_32.asset using Guid(9b9cc0f7604747a4b8dba077d2f45554) Importer(815301076,1909f56bfc062723c751e8b465ee728b)  -> (artifact id: '4e48c729851ebdbf4f0b9baafe543477') in 0.012564 seconds 
Number of asset objects unloaded after import = 3
========================================================================
Received Import Request.
  Time since last request: 0.000017 seconds.
  path: Assets/Tiles/Terrain/Terrain+(32x32)_21.asset
  artifactKey: Guid(da6462dfaaa235a43a3809946afba4fe) Importer(815301076,1909f56bfc062723c751e8b465ee728b)
Number of updated assets reloaded before import = 0
Start importing Assets/Tiles/Terrain/Terrain+(32x32)_21.asset using Guid(da6462dfaaa235a43a3809946afba4fe) Importer(815301076,1909f56bfc062723c751e8b465ee728b)  -> (artifact id: '92bf833c53d05e655c5338895e8ab836') in 0.012473 seconds 
Number of asset objects unloaded after import = 3
========================================================================
Received Import Request.
  Time since last request: 0.000017 seconds.
  path: Assets/Tiles/Terrain/Terrain+(32x32)_19.asset
  artifactKey: Guid(a465a70bd994f84408f052ae799d3cbe) Importer(815301076,1909f56bfc062723c751e8b465ee728b)
Number of updated assets reloaded before import = 0
Start importing Assets/Tiles/Terrain/Terrain+(32x32)_19.asset using Guid(a465a70bd994f84408f052ae799d3cbe) Importer(815301076,1909f56bfc062723c751e8b465ee728b)  -> (artifact id: 'fcce1f9ec84b9ce228f852912caa9419') in 0.014920 seconds 
Number of asset objects unloaded after import = 3
========================================================================
Received Import Request.
  Time since last request: 0.000030 seconds.
  path: Assets/Tiles/Terrain/Terrain+(32x32)_33.asset
  artifactKey: Guid(7f3813bb9afaf674e949fdcafed3586a) Importer(815301076,1909f56bfc062723c751e8b465ee728b)
Number of updated assets reloaded before import = 0
Start importing Assets/Tiles/Terrain/Terrain+(32x32)_33.asset using Guid(7f3813bb9afaf674e949fdcafed3586a) Importer(815301076,1909f56bfc062723c751e8b465ee728b)  -> (artifact id: 'fee6365cca39310b69c7176c39b4aa81') in 0.012282 seconds 
Number of asset objects unloaded after import = 3
========================================================================
Received Import Request.
  Time since last request: 0.000018 seconds.
  path: Assets/Tiles/Terrain/Terrain+(32x32)_35.asset
  artifactKey: Guid(3a63965e11b04a440ac234c5a75d54c2) Importer(815301076,1909f56bfc062723c751e8b465ee728b)
Number of updated assets reloaded before import = 0
Start importing Assets/Tiles/Terrain/Terrain+(32x32)_35.asset using Guid(3a63965e11b04a440ac234c5a75d54c2) Importer(815301076,1909f56bfc062723c751e8b465ee728b)  -> (artifact id: 'ad2f1cdbd74e40edff47d7f8bcd00e83') in 0.013481 seconds 
Number of asset objects unloaded after import = 3
========================================================================
Received Import Request.
  Time since last request: 0.000018 seconds.
  path: Assets/Tiles/Terrain/Terrain+(32x32)_6.asset
  artifactKey: Guid(aa5efb39d9dbef546998bb5a940c348c) Importer(815301076,1909f56bfc062723c751e8b465ee728b)
Number of updated assets reloaded before import = 0
Start importing Assets/Tiles/Terrain/Terrain+(32x32)_6.asset using Guid(aa5efb39d9dbef546998bb5a940c348c) Importer(815301076,1909f56bfc062723c751e8b465ee728b)  -> (artifact id: '036e370524e5e4104b930348168680ca') in 0.012332 seconds 
Number of asset objects unloaded after import = 3
========================================================================
Received Import Request.
  Time since last request: 0.000015 seconds.
  path: Assets/Tiles/Terrain/Terrain+(32x32)_7.asset
  artifactKey: Guid(00e906a5572336143bdda44ad7d13d5c) Importer(815301076,1909f56bfc062723c751e8b465ee728b)
Number of updated assets reloaded before import = 0
Start importing Assets/Tiles/Terrain/Terrain+(32x32)_7.asset using Guid(00e906a5572336143bdda44ad7d13d5c) Importer(815301076,1909f56bfc062723c751e8b465ee728b)  -> (artifact id: '6e00e2ce265a99c45ed197741f4f1e5d') in 0.013825 seconds 
Number of asset objects unloaded after import = 3
========================================================================
Received Import Request.
  Time since last request: 0.000016 seconds.
  path: Assets/Tiles/Terrain/Terrain+(32x32)_15.asset
  artifactKey: Guid(b00f85db93f5798498c51f7621996127) Importer(815301076,1909f56bfc062723c751e8b465ee728b)
Number of updated assets reloaded before import = 0
Start importing Assets/Tiles/Terrain/Terrain+(32x32)_15.asset using Guid(b00f85db93f5798498c51f7621996127) Importer(815301076,1909f56bfc062723c751e8b465ee728b)  -> (artifact id: '64f14cf12b1a91c69719a72500b02aa2') in 0.012869 seconds 
Number of asset objects unloaded after import = 3
========================================================================
Received Import Request.
  Time since last request: 0.000020 seconds.
  path: Assets/Tiles/Terrain/Terrain+(32x32)_29.asset
  artifactKey: Guid(7ab025de31127e5459cef5ab9f3ccf76) Importer(815301076,1909f56bfc062723c751e8b465ee728b)
Number of updated assets reloaded before import = 0
Start importing Assets/Tiles/Terrain/Terrain+(32x32)_29.asset using Guid(7ab025de31127e5459cef5ab9f3ccf76) Importer(815301076,1909f56bfc062723c751e8b465ee728b)  -> (artifact id: '19d1aaea0b3dd32899a30b0704e5fb12') in 0.014417 seconds 
Number of asset objects unloaded after import = 3
========================================================================
Received Import Request.
  Time since last request: 0.000030 seconds.
  path: Assets/Tiles/Terrain/Terrain+(32x32)_14.asset
  artifactKey: Guid(c27aefae599a03b41895fc33882862a6) Importer(815301076,1909f56bfc062723c751e8b465ee728b)
Number of updated assets reloaded before import = 0
Start importing Assets/Tiles/Terrain/Terrain+(32x32)_14.asset using Guid(c27aefae599a03b41895fc33882862a6) Importer(815301076,1909f56bfc062723c751e8b465ee728b)  -> (artifact id: '17dee8b7ef0b614482e6d0e9312f7f37') in 0.014370 seconds 
Number of asset objects unloaded after import = 3
========================================================================
Received Import Request.
  Time since last request: 2.917593 seconds.
  path: Assets/Tiles/Terrain/Terrain+(32x32)_37.asset
  artifactKey: Guid(f3bea844d901a8d4a8ee73e24505a423) Importer(815301076,1909f56bfc062723c751e8b465ee728b)
Number of updated assets reloaded before import = 0
Start importing Assets/Tiles/Terrain/Terrain+(32x32)_37.asset using Guid(f3bea844d901a8d4a8ee73e24505a423) Importer(815301076,1909f56bfc062723c751e8b465ee728b)  -> (artifact id: '73ffb8b5201b97bdf24e591e6ff903c7') in 0.013015 seconds 
Number of asset objects unloaded after import = 3
========================================================================
Received Import Request.
  Time since last request: 0.000015 seconds.
  path: Assets/Tiles/Terrain/Terrain+(32x32)_43.asset
  artifactKey: Guid(aa00e171ce27a6b429e7657f34f74659) Importer(815301076,1909f56bfc062723c751e8b465ee728b)
Number of updated assets reloaded before import = 0
Start importing Assets/Tiles/Terrain/Terrain+(32x32)_43.asset using Guid(aa00e171ce27a6b429e7657f34f74659) Importer(815301076,1909f56bfc062723c751e8b465ee728b)  -> (artifact id: '8f35d1a69adb78e279a8ccb3992b3c00') in 0.012468 seconds 
Number of asset objects unloaded after import = 3
========================================================================
Received Import Request.
  Time since last request: 0.000015 seconds.
  path: Assets/Tiles/Terrain/Terrain+(32x32)_38.asset
  artifactKey: Guid(a16246e0768a25f4ba7d09bdc5120341) Importer(815301076,1909f56bfc062723c751e8b465ee728b)
Number of updated assets reloaded before import = 0
Start importing Assets/Tiles/Terrain/Terrain+(32x32)_38.asset using Guid(a16246e0768a25f4ba7d09bdc5120341) Importer(815301076,1909f56bfc062723c751e8b465ee728b)  -> (artifact id: '395bb06e391589c29eb852649029283a') in 0.013065 seconds 
Number of asset objects unloaded after import = 3
========================================================================
Received Import Request.
  Time since last request: 0.000016 seconds.
  path: Assets/Tiles/Terrain/Terrain+(32x32)_42.asset
  artifactKey: Guid(1536ca685713c1545b766f213a196b46) Importer(815301076,1909f56bfc062723c751e8b465ee728b)
Number of updated assets reloaded before import = 0
Start importing Assets/Tiles/Terrain/Terrain+(32x32)_42.asset using Guid(1536ca685713c1545b766f213a196b46) Importer(815301076,1909f56bfc062723c751e8b465ee728b)  -> (artifact id: '1513cda629406c0a12024ce0f809441b') in 0.012461 seconds 
Number of asset objects unloaded after import = 3
========================================================================
Received Import Request.
  Time since last request: 0.000021 seconds.
  path: Assets/Tiles/Terrain/Terrain+(32x32)_44.asset
  artifactKey: Guid(3b33c09ccd0d2ca43a33d4d5f7132284) Importer(815301076,1909f56bfc062723c751e8b465ee728b)
Number of updated assets reloaded before import = 0
Start importing Assets/Tiles/Terrain/Terrain+(32x32)_44.asset using Guid(3b33c09ccd0d2ca43a33d4d5f7132284) Importer(815301076,1909f56bfc062723c751e8b465ee728b)  -> (artifact id: '1fc338dd784df9fbf44d582ea4f88e2d') in 0.014626 seconds 
Number of asset objects unloaded after import = 3
========================================================================
Received Import Request.
  Time since last request: 0.000021 seconds.
  path: Assets/Tiles/Terrain/Terrain+(32x32)_48.asset
  artifactKey: Guid(5d8a2ff987cfbd1438af418194840b8b) Importer(815301076,1909f56bfc062723c751e8b465ee728b)
Number of updated assets reloaded before import = 0
Start importing Assets/Tiles/Terrain/Terrain+(32x32)_48.asset using Guid(5d8a2ff987cfbd1438af418194840b8b) Importer(815301076,1909f56bfc062723c751e8b465ee728b)  -> (artifact id: '37acbb351f5079a9702ce95a39d34aa1') in 0.012884 seconds 
Number of asset objects unloaded after import = 3
========================================================================
Received Import Request.
  Time since last request: 0.000014 seconds.
  path: Assets/Tiles/Terrain/Terrain+(32x32)_46.asset
  artifactKey: Guid(32ae16333cdb54e4f95cffaf7c4b6717) Importer(815301076,1909f56bfc062723c751e8b465ee728b)
Number of updated assets reloaded before import = 0
Start importing Assets/Tiles/Terrain/Terrain+(32x32)_46.asset using Guid(32ae16333cdb54e4f95cffaf7c4b6717) Importer(815301076,1909f56bfc062723c751e8b465ee728b)  -> (artifact id: '0621d825698f859e2f101fa4392ea630') in 0.014164 seconds 
Number of asset objects unloaded after import = 3
========================================================================
Received Import Request.
  Time since last request: 0.000015 seconds.
  path: Assets/Tiles/Terrain/Terrain+(32x32)_40.asset
  artifactKey: Guid(61a7ac9cd3d97a642b5236d42e2581af) Importer(815301076,1909f56bfc062723c751e8b465ee728b)
Number of updated assets reloaded before import = 0
Start importing Assets/Tiles/Terrain/Terrain+(32x32)_40.asset using Guid(61a7ac9cd3d97a642b5236d42e2581af) Importer(815301076,1909f56bfc062723c751e8b465ee728b)  -> (artifact id: '5d86fd02e2e137f9cfc3b5ce4a456a81') in 0.013111 seconds 
Number of asset objects unloaded after import = 3
========================================================================
Received Import Request.
  Time since last request: 0.000019 seconds.
  path: Assets/Tiles/Terrain/Terrain+(32x32)_41.asset
  artifactKey: Guid(bef9b33c25d789347ac1395d52181a3a) Importer(815301076,1909f56bfc062723c751e8b465ee728b)
Number of updated assets reloaded before import = 0
Start importing Assets/Tiles/Terrain/Terrain+(32x32)_41.asset using Guid(bef9b33c25d789347ac1395d52181a3a) Importer(815301076,1909f56bfc062723c751e8b465ee728b)  -> (artifact id: '6bfae5042a13ded0d733e0879f4f28ee') in 0.013686 seconds 
Number of asset objects unloaded after import = 3
========================================================================
Received Import Request.
  Time since last request: 0.000024 seconds.
  path: Assets/Tiles/Terrain/Terrain+(32x32)_45.asset
  artifactKey: Guid(4a45e002dacd0804689b64ca312a4659) Importer(815301076,1909f56bfc062723c751e8b465ee728b)
Number of updated assets reloaded before import = 0
Start importing Assets/Tiles/Terrain/Terrain+(32x32)_45.asset using Guid(4a45e002dacd0804689b64ca312a4659) Importer(815301076,1909f56bfc062723c751e8b465ee728b)  -> (artifact id: '6bd6145d245e032db295a9e691cef082') in 0.012672 seconds 
Number of asset objects unloaded after import = 3
========================================================================
Received Import Request.
  Time since last request: 0.000016 seconds.
  path: Assets/Tiles/Terrain/Terrain+(32x32)_39.asset
  artifactKey: Guid(9fa850612540b0a4c837e108bee3b850) Importer(815301076,1909f56bfc062723c751e8b465ee728b)
Number of updated assets reloaded before import = 0
Start importing Assets/Tiles/Terrain/Terrain+(32x32)_39.asset using Guid(9fa850612540b0a4c837e108bee3b850) Importer(815301076,1909f56bfc062723c751e8b465ee728b)  -> (artifact id: '06c87202540598f76c96306342ac131f') in 0.012377 seconds 
Number of asset objects unloaded after import = 3
========================================================================
Received Import Request.
  Time since last request: 0.000018 seconds.
  path: Assets/Tiles/Terrain/Terrain+(32x32)_47.asset
  artifactKey: Guid(7028479d85ed7aa48b62fe932b493d99) Importer(815301076,1909f56bfc062723c751e8b465ee728b)
Number of updated assets reloaded before import = 0
Start importing Assets/Tiles/Terrain/Terrain+(32x32)_47.asset using Guid(7028479d85ed7aa48b62fe932b493d99) Importer(815301076,1909f56bfc062723c751e8b465ee728b)  -> (artifact id: '3818aa8f2d7405d8738a32f4b15ed6e7') in 0.013159 seconds 
Number of asset objects unloaded after import = 3
========================================================================
Received Import Request.
  Time since last request: 5.871943 seconds.
  path: Assets/Tiles/Terrain/Terrain+(32x32)_49.asset
  artifactKey: Guid(bc2519d69b17e8a478ca781d93764a71) Importer(815301076,1909f56bfc062723c751e8b465ee728b)
Number of updated assets reloaded before import = 0
Start importing Assets/Tiles/Terrain/Terrain+(32x32)_49.asset using Guid(bc2519d69b17e8a478ca781d93764a71) Importer(815301076,1909f56bfc062723c751e8b465ee728b)  -> (artifact id: 'c66c77aca1fdc39271f581c10fc104dd') in 0.015842 seconds 
Number of asset objects unloaded after import = 3
========================================================================
Received Import Request.
  Time since last request: 0.000016 seconds.
  path: Assets/Tiles/Terrain/Terrain+(32x32)_50.asset
  artifactKey: Guid(d7fb061445655a34ab39aa08d3bae80f) Importer(815301076,1909f56bfc062723c751e8b465ee728b)
Number of updated assets reloaded before import = 0
Start importing Assets/Tiles/Terrain/Terrain+(32x32)_50.asset using Guid(d7fb061445655a34ab39aa08d3bae80f) Importer(815301076,1909f56bfc062723c751e8b465ee728b)  -> (artifact id: '0cc10916fadded9a6c2f164dbcbde7a8') in 0.015569 seconds 
Number of asset objects unloaded after import = 3
========================================================================
Received Import Request.
  Time since last request: 0.000017 seconds.
  path: Assets/Tiles/Terrain/Terrain+(32x32)_51.asset
  artifactKey: Guid(e70bd7721155fbd439416f2e7ef22e8b) Importer(815301076,1909f56bfc062723c751e8b465ee728b)
Number of updated assets reloaded before import = 0
Start importing Assets/Tiles/Terrain/Terrain+(32x32)_51.asset using Guid(e70bd7721155fbd439416f2e7ef22e8b) Importer(815301076,1909f56bfc062723c751e8b465ee728b)  -> (artifact id: 'da2ef4fd87e937356665b7eea271fae3') in 0.016542 seconds 
Number of asset objects unloaded after import = 3
========================================================================
Received Import Request.
  Time since last request: 0.000023 seconds.
  path: Assets/Tiles/Terrain/Terrain+(32x32)_55.asset
  artifactKey: Guid(2770a9c10ed1deb42aaae25bba2de64c) Importer(815301076,1909f56bfc062723c751e8b465ee728b)
Number of updated assets reloaded before import = 0
Start importing Assets/Tiles/Terrain/Terrain+(32x32)_55.asset using Guid(2770a9c10ed1deb42aaae25bba2de64c) Importer(815301076,1909f56bfc062723c751e8b465ee728b)  -> (artifact id: '51d25764d84960cfb5ad2b28662d526d') in 0.017139 seconds 
Number of asset objects unloaded after import = 3
========================================================================
Received Import Request.
  Time since last request: 0.000022 seconds.
  path: Assets/Tiles/Terrain/Terrain+(32x32)_59.asset
  artifactKey: Guid(e435677cb6f09e04a910e755f638daa3) Importer(815301076,1909f56bfc062723c751e8b465ee728b)
Number of updated assets reloaded before import = 0
Start importing Assets/Tiles/Terrain/Terrain+(32x32)_59.asset using Guid(e435677cb6f09e04a910e755f638daa3) Importer(815301076,1909f56bfc062723c751e8b465ee728b)  -> (artifact id: 'e782fb6577a3c1faf3163f2fa3a8b35d') in 0.016693 seconds 
Number of asset objects unloaded after import = 3
========================================================================
Received Import Request.
  Time since last request: 0.000031 seconds.
  path: Assets/Tiles/Terrain/Terrain+(32x32)_60.asset
  artifactKey: Guid(8d0bc401e52b749488651f5d5f17747e) Importer(815301076,1909f56bfc062723c751e8b465ee728b)
Number of updated assets reloaded before import = 0
Start importing Assets/Tiles/Terrain/Terrain+(32x32)_60.asset using Guid(8d0bc401e52b749488651f5d5f17747e) Importer(815301076,1909f56bfc062723c751e8b465ee728b)  -> (artifact id: 'bd8ed750f0da7b524743d3ddc0b9b241') in 0.014666 seconds 
Number of asset objects unloaded after import = 3
========================================================================
Received Import Request.
  Time since last request: 0.000031 seconds.
  path: Assets/Tiles/Terrain/Terrain+(32x32)_57.asset
  artifactKey: Guid(26637a9f8b3f15044b5b2916ad6932ad) Importer(815301076,1909f56bfc062723c751e8b465ee728b)
Number of updated assets reloaded before import = 0
Start importing Assets/Tiles/Terrain/Terrain+(32x32)_57.asset using Guid(26637a9f8b3f15044b5b2916ad6932ad) Importer(815301076,1909f56bfc062723c751e8b465ee728b)  -> (artifact id: '69920596bab358722d526a0da9b83ee8') in 0.033507 seconds 
Number of asset objects unloaded after import = 3
========================================================================
Received Import Request.
  Time since last request: 0.000023 seconds.
  path: Assets/Tiles/Terrain/Terrain+(32x32)_53.asset
  artifactKey: Guid(cdbbb7d8af7c8cd428835f781e67defb) Importer(815301076,1909f56bfc062723c751e8b465ee728b)
Number of updated assets reloaded before import = 0
Start importing Assets/Tiles/Terrain/Terrain+(32x32)_53.asset using Guid(cdbbb7d8af7c8cd428835f781e67defb) Importer(815301076,1909f56bfc062723c751e8b465ee728b)  -> (artifact id: '4e05c73f0b3a6dea36d8276c3ae1a496') in 0.029016 seconds 
Number of asset objects unloaded after import = 3
========================================================================
Received Import Request.
  Time since last request: 0.000028 seconds.
  path: Assets/Tiles/Terrain/Terrain+(32x32)_56.asset
  artifactKey: Guid(854c6f6efdc1ced47b40c1f80f3b8fd0) Importer(815301076,1909f56bfc062723c751e8b465ee728b)
Number of updated assets reloaded before import = 0
Start importing Assets/Tiles/Terrain/Terrain+(32x32)_56.asset using Guid(854c6f6efdc1ced47b40c1f80f3b8fd0) Importer(815301076,1909f56bfc062723c751e8b465ee728b)  -> (artifact id: '6a922d51e5cb69ab46e5e4068208f3cf') in 0.017154 seconds 
Number of asset objects unloaded after import = 3
========================================================================
Received Import Request.
  Time since last request: 0.000015 seconds.
  path: Assets/Tiles/Terrain/Terrain+(32x32)_54.asset
  artifactKey: Guid(9ab3bc5732c9dba478ceba9234209375) Importer(815301076,1909f56bfc062723c751e8b465ee728b)
Number of updated assets reloaded before import = 0
Start importing Assets/Tiles/Terrain/Terrain+(32x32)_54.asset using Guid(9ab3bc5732c9dba478ceba9234209375) Importer(815301076,1909f56bfc062723c751e8b465ee728b)  -> (artifact id: '44335764336d34dd2b15d3bfe1e7a78b') in 0.014531 seconds 
Number of asset objects unloaded after import = 3
========================================================================
Received Import Request.
  Time since last request: 0.000023 seconds.
  path: Assets/Tiles/Terrain/Terrain+(32x32)_52.asset
  artifactKey: Guid(629851d7e36577b49b62a13d8aa36180) Importer(815301076,1909f56bfc062723c751e8b465ee728b)
Number of updated assets reloaded before import = 0
Start importing Assets/Tiles/Terrain/Terrain+(32x32)_52.asset using Guid(629851d7e36577b49b62a13d8aa36180) Importer(815301076,1909f56bfc062723c751e8b465ee728b)  -> (artifact id: 'b8edab9c67954e69abb746dce6fb4c37') in 0.012961 seconds 
Number of asset objects unloaded after import = 3
========================================================================
Received Import Request.
  Time since last request: 0.000035 seconds.
  path: Assets/Tiles/Terrain/Terrain+(32x32)_58.asset
  artifactKey: Guid(c32e2dda487d09244ba9e7cab86d0df6) Importer(815301076,1909f56bfc062723c751e8b465ee728b)
Number of updated assets reloaded before import = 0
Start importing Assets/Tiles/Terrain/Terrain+(32x32)_58.asset using Guid(c32e2dda487d09244ba9e7cab86d0df6) Importer(815301076,1909f56bfc062723c751e8b465ee728b)  -> (artifact id: '5dfa7ab23acce01ef5794d21e0117d1a') in 0.015994 seconds 
Number of asset objects unloaded after import = 3
========================================================================
Received Import Request.
  Time since last request: 22.639562 seconds.
  path: Assets/Sprites/Terrain+(32x32).png
  artifactKey: Guid(deb5900615299e84084131cc15bde23f) Importer(815301076,1909f56bfc062723c751e8b465ee728b)
Number of updated assets reloaded before import = 0
Start importing Assets/Sprites/Terrain+(32x32).png using Guid(deb5900615299e84084131cc15bde23f) Importer(815301076,1909f56bfc062723c751e8b465ee728b)  -> (artifact id: '97ea0d63c1d986910605c7d22a908ecb') in 0.231448 seconds 
Number of asset objects unloaded after import = 96
========================================================================
Received Import Request.
  Time since last request: 70.448397 seconds.
  path: Assets/Tiles/Main Palette.prefab
  artifactKey: Guid(502f0d1a3f915314cbde342bdf895344) Importer(815301076,1909f56bfc062723c751e8b465ee728b)
Number of updated assets reloaded before import = 0
Start importing Assets/Tiles/Main Palette.prefab using Guid(502f0d1a3f915314cbde342bdf895344) Importer(815301076,1909f56bfc062723c751e8b465ee728b)  -> (artifact id: '26d40543415a9a277ce7244b37e9e0ab') in 0.107048 seconds 
Number of asset objects unloaded after import = 294
========================================================================
Received Import Request.
  Time since last request: 10.839417 seconds.
  path: Assets/Tiles/Main Palette.prefab
  artifactKey: Guid(502f0d1a3f915314cbde342bdf895344) Importer(815301076,1909f56bfc062723c751e8b465ee728b)
Number of updated assets reloaded before import = 0
Start importing Assets/Tiles/Main Palette.prefab using Guid(502f0d1a3f915314cbde342bdf895344) Importer(815301076,1909f56bfc062723c751e8b465ee728b)  -> (artifact id: 'fa7ddbf3a25207be388be75bba160c29') in 0.107665 seconds 
Number of asset objects unloaded after import = 294
========================================================================
Received Import Request.
  Time since last request: 12.587293 seconds.
  path: Assets/Tiles/Main Palette.prefab
  artifactKey: Guid(502f0d1a3f915314cbde342bdf895344) Importer(815301076,1909f56bfc062723c751e8b465ee728b)
Number of updated assets reloaded before import = 0
Start importing Assets/Tiles/Main Palette.prefab using Guid(502f0d1a3f915314cbde342bdf895344) Importer(815301076,1909f56bfc062723c751e8b465ee728b)  -> (artifact id: 'fe055bcd8fe82373322db3c97034e2dc') in 0.098633 seconds 
Number of asset objects unloaded after import = 294
========================================================================
Received Import Request.
  Time since last request: 13.780320 seconds.
  path: Assets/Tiles/Main Palette.prefab
  artifactKey: Guid(502f0d1a3f915314cbde342bdf895344) Importer(815301076,1909f56bfc062723c751e8b465ee728b)
Number of updated assets reloaded before import = 0
Start importing Assets/Tiles/Main Palette.prefab using Guid(502f0d1a3f915314cbde342bdf895344) Importer(815301076,1909f56bfc062723c751e8b465ee728b)  -> (artifact id: 'fd4c67cde74a83b7139b8b5d0bbf8970') in 0.092302 seconds 
Number of asset objects unloaded after import = 294
========================================================================
Received Import Request.
  Time since last request: 28.883742 seconds.
  path: Assets/Tiles/Main Palette.prefab
  artifactKey: Guid(502f0d1a3f915314cbde342bdf895344) Importer(815301076,1909f56bfc062723c751e8b465ee728b)
Number of updated assets reloaded before import = 0
Start importing Assets/Tiles/Main Palette.prefab using Guid(502f0d1a3f915314cbde342bdf895344) Importer(815301076,1909f56bfc062723c751e8b465ee728b)  -> (artifact id: '0e1fc02a95b30f8fc7a39b425d424352') in 0.101960 seconds 
Number of asset objects unloaded after import = 294
========================================================================
Received Import Request.
  Time since last request: 5.637079 seconds.
  path: Assets/Tiles/Main Palette.prefab
  artifactKey: Guid(502f0d1a3f915314cbde342bdf895344) Importer(815301076,1909f56bfc062723c751e8b465ee728b)
Number of updated assets reloaded before import = 0
Start importing Assets/Tiles/Main Palette.prefab using Guid(502f0d1a3f915314cbde342bdf895344) Importer(815301076,1909f56bfc062723c751e8b465ee728b)  -> (artifact id: '73056bc1a47addf084a5ab4812f6e2a3') in 0.095416 seconds 
Number of asset objects unloaded after import = 294
========================================================================
Received Import Request.
  Time since last request: 23.578246 seconds.
  path: Assets/Tiles/Main Palette.prefab
  artifactKey: Guid(502f0d1a3f915314cbde342bdf895344) Importer(815301076,1909f56bfc062723c751e8b465ee728b)
Number of updated assets reloaded before import = 0
Start importing Assets/Tiles/Main Palette.prefab using Guid(502f0d1a3f915314cbde342bdf895344) Importer(815301076,1909f56bfc062723c751e8b465ee728b)  -> (artifact id: 'ea65b4a0a2d74962c9664879cea63fb5') in 0.117851 seconds 
Number of asset objects unloaded after import = 294
========================================================================
Received Import Request.
  Time since last request: 158.793979 seconds.
  path: Assets/Tiles/Terrain/Terrain+(32x32)_61.asset
  artifactKey: Guid(617b41e354012cb49878b8c012a68166) Importer(815301076,1909f56bfc062723c751e8b465ee728b)
Number of updated assets reloaded before import = 0
Start importing Assets/Tiles/Terrain/Terrain+(32x32)_61.asset using Guid(617b41e354012cb49878b8c012a68166) Importer(815301076,1909f56bfc062723c751e8b465ee728b)  -> (artifact id: 'ef6bbf06eb5482c067c857525563e94a') in 0.015486 seconds 
Number of asset objects unloaded after import = 3
========================================================================
Received Import Request.
  Time since last request: 0.000019 seconds.
  path: Assets/Tiles/Terrain/Terrain+(32x32)_72.asset
  artifactKey: Guid(bb1808cbf8cff6344bef3d04f4ef4bc9) Importer(815301076,1909f56bfc062723c751e8b465ee728b)
Number of updated assets reloaded before import = 0
Start importing Assets/Tiles/Terrain/Terrain+(32x32)_72.asset using Guid(bb1808cbf8cff6344bef3d04f4ef4bc9) Importer(815301076,1909f56bfc062723c751e8b465ee728b)  -> (artifact id: 'bb0943b2e14abc6867a04e160db4421a') in 0.016548 seconds 
Number of asset objects unloaded after import = 3
========================================================================
Received Import Request.
  Time since last request: 0.000037 seconds.
  path: Assets/Tiles/Terrain/Terrain+(32x32)_66.asset
  artifactKey: Guid(196ea142b49b66145b8eec4cbbf56af3) Importer(815301076,1909f56bfc062723c751e8b465ee728b)
Number of updated assets reloaded before import = 0
Start importing Assets/Tiles/Terrain/Terrain+(32x32)_66.asset using Guid(196ea142b49b66145b8eec4cbbf56af3) Importer(815301076,1909f56bfc062723c751e8b465ee728b)  -> (artifact id: 'fced5eb8f0fe682ca1087571cfba17bf') in 0.013139 seconds 
Number of asset objects unloaded after import = 3
========================================================================
Received Import Request.
  Time since last request: 0.000017 seconds.
  path: Assets/Tiles/Terrain/Terrain+(32x32)_70.asset
  artifactKey: Guid(623999c2688a6b741a2ad4278f8c3728) Importer(815301076,1909f56bfc062723c751e8b465ee728b)
Number of updated assets reloaded before import = 0
Start importing Assets/Tiles/Terrain/Terrain+(32x32)_70.asset using Guid(623999c2688a6b741a2ad4278f8c3728) Importer(815301076,1909f56bfc062723c751e8b465ee728b)  -> (artifact id: '90e5f335ba7a882502a16bc8d76b866f') in 0.013163 seconds 
Number of asset objects unloaded after import = 3
========================================================================
Received Import Request.
  Time since last request: 0.000017 seconds.
  path: Assets/Tiles/Terrain/Terrain+(32x32)_62.asset
  artifactKey: Guid(1f9e216a45d47d846a22904233b81d90) Importer(815301076,1909f56bfc062723c751e8b465ee728b)
Number of updated assets reloaded before import = 0
Start importing Assets/Tiles/Terrain/Terrain+(32x32)_62.asset using Guid(1f9e216a45d47d846a22904233b81d90) Importer(815301076,1909f56bfc062723c751e8b465ee728b)  -> (artifact id: '711dbba87ed1c5c7b19b29d15717a85e') in 0.012750 seconds 
Number of asset objects unloaded after import = 3
========================================================================
Received Import Request.
  Time since last request: 0.000017 seconds.
  path: Assets/Tiles/Terrain/Terrain+(32x32)_63.asset
  artifactKey: Guid(d3dfb7c0395b2e74d92f431e367e9c71) Importer(815301076,1909f56bfc062723c751e8b465ee728b)
Number of updated assets reloaded before import = 0
Start importing Assets/Tiles/Terrain/Terrain+(32x32)_63.asset using Guid(d3dfb7c0395b2e74d92f431e367e9c71) Importer(815301076,1909f56bfc062723c751e8b465ee728b)  -> (artifact id: '30c324c2ae0bec06f833ad0ec0c544c2') in 0.012553 seconds 
Number of asset objects unloaded after import = 3
========================================================================
Received Import Request.
  Time since last request: 0.000017 seconds.
  path: Assets/Tiles/Terrain/Terrain+(32x32)_64.asset
  artifactKey: Guid(680d748c0fcfbb04683751497882c5cd) Importer(815301076,1909f56bfc062723c751e8b465ee728b)
Number of updated assets reloaded before import = 0
Start importing Assets/Tiles/Terrain/Terrain+(32x32)_64.asset using Guid(680d748c0fcfbb04683751497882c5cd) Importer(815301076,1909f56bfc062723c751e8b465ee728b)  -> (artifact id: 'a7dfc1572a384bb3395206dfec970d35') in 0.012524 seconds 
Number of asset objects unloaded after import = 3
========================================================================
Received Import Request.
  Time since last request: 0.000017 seconds.
  path: Assets/Tiles/Terrain/Terrain+(32x32)_68.asset
  artifactKey: Guid(2918dc3983c0ddd46be912f9b56681f5) Importer(815301076,1909f56bfc062723c751e8b465ee728b)
Number of updated assets reloaded before import = 0
Start importing Assets/Tiles/Terrain/Terrain+(32x32)_68.asset using Guid(2918dc3983c0ddd46be912f9b56681f5) Importer(815301076,1909f56bfc062723c751e8b465ee728b)  -> (artifact id: 'bcdb475698a47383fed3f4910c25295d') in 0.012659 seconds 
Number of asset objects unloaded after import = 3
========================================================================
Received Import Request.
  Time since last request: 0.000018 seconds.
  path: Assets/Tiles/Terrain/Terrain+(32x32)_71.asset
  artifactKey: Guid(e499fe66ed732814b9fb2e93c6cc8318) Importer(815301076,1909f56bfc062723c751e8b465ee728b)
Number of updated assets reloaded before import = 0
Start importing Assets/Tiles/Terrain/Terrain+(32x32)_71.asset using Guid(e499fe66ed732814b9fb2e93c6cc8318) Importer(815301076,1909f56bfc062723c751e8b465ee728b)  -> (artifact id: 'da5709549a7b35f2e1b721993c6aee3f') in 0.013261 seconds 
Number of asset objects unloaded after import = 3
========================================================================
Received Import Request.
  Time since last request: 0.000021 seconds.
  path: Assets/Tiles/Terrain/Terrain+(32x32)_67.asset
  artifactKey: Guid(670d78e0807bfac419837f63b26eef65) Importer(815301076,1909f56bfc062723c751e8b465ee728b)
Number of updated assets reloaded before import = 0
Start importing Assets/Tiles/Terrain/Terrain+(32x32)_67.asset using Guid(670d78e0807bfac419837f63b26eef65) Importer(815301076,1909f56bfc062723c751e8b465ee728b)  -> (artifact id: 'cfc44ce875da9d8253201b31896bcca5') in 0.013071 seconds 
Number of asset objects unloaded after import = 3
========================================================================
Received Import Request.
  Time since last request: 0.000016 seconds.
  path: Assets/Tiles/Terrain/Terrain+(32x32)_65.asset
  artifactKey: Guid(2153b54c8bf98d7499668b44c9a48b66) Importer(815301076,1909f56bfc062723c751e8b465ee728b)
Number of updated assets reloaded before import = 0
Start importing Assets/Tiles/Terrain/Terrain+(32x32)_65.asset using Guid(2153b54c8bf98d7499668b44c9a48b66) Importer(815301076,1909f56bfc062723c751e8b465ee728b)  -> (artifact id: '0172ffe2c52462f99c4cba274a5764d9') in 0.014102 seconds 
Number of asset objects unloaded after import = 3
========================================================================
Received Import Request.
  Time since last request: 0.000018 seconds.
  path: Assets/Tiles/Terrain/Terrain+(32x32)_69.asset
  artifactKey: Guid(589f01cfd7b8f6b4f9c7e86711e5dee1) Importer(815301076,1909f56bfc062723c751e8b465ee728b)
Number of updated assets reloaded before import = 0
Start importing Assets/Tiles/Terrain/Terrain+(32x32)_69.asset using Guid(589f01cfd7b8f6b4f9c7e86711e5dee1) Importer(815301076,1909f56bfc062723c751e8b465ee728b)  -> (artifact id: 'e8cd200738d7e9630115e42cfe76b650') in 0.013846 seconds 
Number of asset objects unloaded after import = 3
========================================================================
Received Import Request.
  Time since last request: 0.547622 seconds.
  path: Assets/Tiles/Terrain/Terrain+(32x32)_73.asset
  artifactKey: Guid(1c01e75390efaa54e8e96db6c27cbf98) Importer(815301076,1909f56bfc062723c751e8b465ee728b)
Number of updated assets reloaded before import = 0
Start importing Assets/Tiles/Terrain/Terrain+(32x32)_73.asset using Guid(1c01e75390efaa54e8e96db6c27cbf98) Importer(815301076,1909f56bfc062723c751e8b465ee728b)  -> (artifact id: 'f3e109213d99180da45688a1d1ede68d') in 0.012425 seconds 
Number of asset objects unloaded after import = 3
========================================================================
Received Import Request.
  Time since last request: 0.000018 seconds.
  path: Assets/Tiles/Terrain/Terrain+(32x32)_76.asset
  artifactKey: Guid(a001adbdcdad48f4f93833e4e6eda41b) Importer(815301076,1909f56bfc062723c751e8b465ee728b)
Number of updated assets reloaded before import = 0
Start importing Assets/Tiles/Terrain/Terrain+(32x32)_76.asset using Guid(a001adbdcdad48f4f93833e4e6eda41b) Importer(815301076,1909f56bfc062723c751e8b465ee728b)  -> (artifact id: '345c9ce198e4386f23d56c02738b5c8c') in 0.012295 seconds 
Number of asset objects unloaded after import = 3
========================================================================
Received Import Request.
  Time since last request: 0.000018 seconds.
  path: Assets/Tiles/Terrain/Terrain+(32x32)_79.asset
  artifactKey: Guid(6194b550455fd114e8e49e58f566be70) Importer(815301076,1909f56bfc062723c751e8b465ee728b)
Number of updated assets reloaded before import = 0
Start importing Assets/Tiles/Terrain/Terrain+(32x32)_79.asset using Guid(6194b550455fd114e8e49e58f566be70) Importer(815301076,1909f56bfc062723c751e8b465ee728b)  -> (artifact id: 'da277246b26e330e4764c9b463265b5f') in 0.015776 seconds 
Number of asset objects unloaded after import = 3
========================================================================
Received Import Request.
  Time since last request: 0.000017 seconds.
  path: Assets/Tiles/Terrain/Terrain+(32x32)_81.asset
  artifactKey: Guid(a14e801096084d444a4085d3c013f4ac) Importer(815301076,1909f56bfc062723c751e8b465ee728b)
Number of updated assets reloaded before import = 0
Start importing Assets/Tiles/Terrain/Terrain+(32x32)_81.asset using Guid(a14e801096084d444a4085d3c013f4ac) Importer(815301076,1909f56bfc062723c751e8b465ee728b)  -> (artifact id: '6101ea731ef975fe08fa43593ed1d316') in 0.011963 seconds 
Number of asset objects unloaded after import = 3
========================================================================
Received Import Request.
  Time since last request: 0.000018 seconds.
  path: Assets/Tiles/Terrain/Terrain+(32x32)_77.asset
  artifactKey: Guid(8842d332dcc8c9f409f3f6a1a4823c11) Importer(815301076,1909f56bfc062723c751e8b465ee728b)
Number of updated assets reloaded before import = 0
Start importing Assets/Tiles/Terrain/Terrain+(32x32)_77.asset using Guid(8842d332dcc8c9f409f3f6a1a4823c11) Importer(815301076,1909f56bfc062723c751e8b465ee728b)  -> (artifact id: '565fc16565f151ac9d837fae1b63a1f3') in 0.013947 seconds 
Number of asset objects unloaded after import = 3
========================================================================
Received Import Request.
  Time since last request: 0.000021 seconds.
  path: Assets/Tiles/Terrain/Terrain+(32x32)_75.asset
  artifactKey: Guid(1dee97e0f6db67a459deb3a3164bad64) Importer(815301076,1909f56bfc062723c751e8b465ee728b)
Number of updated assets reloaded before import = 0
Start importing Assets/Tiles/Terrain/Terrain+(32x32)_75.asset using Guid(1dee97e0f6db67a459deb3a3164bad64) Importer(815301076,1909f56bfc062723c751e8b465ee728b)  -> (artifact id: '52a9eea1bedfb142e10a03a331fed018') in 0.012526 seconds 
Number of asset objects unloaded after import = 3
========================================================================
Received Import Request.
  Time since last request: 0.000018 seconds.
  path: Assets/Tiles/Terrain/Terrain+(32x32)_82.asset
  artifactKey: Guid(c81fb36ce43b25b45abdd0d1037112d0) Importer(815301076,1909f56bfc062723c751e8b465ee728b)
Number of updated assets reloaded before import = 0
Start importing Assets/Tiles/Terrain/Terrain+(32x32)_82.asset using Guid(c81fb36ce43b25b45abdd0d1037112d0) Importer(815301076,1909f56bfc062723c751e8b465ee728b)  -> (artifact id: 'adc7680202845676547651520486479c') in 0.013369 seconds 
Number of asset objects unloaded after import = 3
========================================================================
Received Import Request.
  Time since last request: 0.000017 seconds.
  path: Assets/Tiles/Terrain/Terrain+(32x32)_78.asset
  artifactKey: Guid(8dc0506d0dd29814eb541fd019bbbe46) Importer(815301076,1909f56bfc062723c751e8b465ee728b)
Number of updated assets reloaded before import = 0
Start importing Assets/Tiles/Terrain/Terrain+(32x32)_78.asset using Guid(8dc0506d0dd29814eb541fd019bbbe46) Importer(815301076,1909f56bfc062723c751e8b465ee728b)  -> (artifact id: '2ecd564b26d4fd7fa3ca8bb4f3c1de81') in 0.014085 seconds 
Number of asset objects unloaded after import = 3
========================================================================
Received Import Request.
  Time since last request: 0.000018 seconds.
  path: Assets/Tiles/Terrain/Terrain+(32x32)_80.asset
  artifactKey: Guid(78b9f5bc5bb7f014a8be31b60f9a0476) Importer(815301076,1909f56bfc062723c751e8b465ee728b)
Number of updated assets reloaded before import = 0
Start importing Assets/Tiles/Terrain/Terrain+(32x32)_80.asset using Guid(78b9f5bc5bb7f014a8be31b60f9a0476) Importer(815301076,1909f56bfc062723c751e8b465ee728b)  -> (artifact id: '3ff6ce15e992d86c924e348aa50bebb3') in 0.014115 seconds 
Number of asset objects unloaded after import = 3
========================================================================
Received Import Request.
  Time since last request: 0.000033 seconds.
  path: Assets/Tiles/Terrain/Terrain+(32x32)_84.asset
  artifactKey: Guid(51f0dc5e64627214faa483d1c4591829) Importer(815301076,1909f56bfc062723c751e8b465ee728b)
Number of updated assets reloaded before import = 0
Start importing Assets/Tiles/Terrain/Terrain+(32x32)_84.asset using Guid(51f0dc5e64627214faa483d1c4591829) Importer(815301076,1909f56bfc062723c751e8b465ee728b)  -> (artifact id: '98a653f9f821903fe075a23863babeb6') in 0.012653 seconds 
Number of asset objects unloaded after import = 3
========================================================================
Received Import Request.
  Time since last request: 0.000028 seconds.
  path: Assets/Tiles/Terrain/Terrain+(32x32)_83.asset
  artifactKey: Guid(d4766d13fde6f7f48a673673ad8368a9) Importer(815301076,1909f56bfc062723c751e8b465ee728b)
Number of updated assets reloaded before import = 0
Start importing Assets/Tiles/Terrain/Terrain+(32x32)_83.asset using Guid(d4766d13fde6f7f48a673673ad8368a9) Importer(815301076,1909f56bfc062723c751e8b465ee728b)  -> (artifact id: 'b1fc9cb3b52c7842045b9fdc30721d94') in 0.012264 seconds 
Number of asset objects unloaded after import = 3
========================================================================
Received Import Request.
  Time since last request: 0.000019 seconds.
  path: Assets/Tiles/Terrain/Terrain+(32x32)_74.asset
  artifactKey: Guid(5e919ced2d09bf346931c899f5749487) Importer(815301076,1909f56bfc062723c751e8b465ee728b)
Number of updated assets reloaded before import = 0
Start importing Assets/Tiles/Terrain/Terrain+(32x32)_74.asset using Guid(5e919ced2d09bf346931c899f5749487) Importer(815301076,1909f56bfc062723c751e8b465ee728b)  -> (artifact id: 'b9630b61a9d6a13b555ac9b5f239f8bc') in 0.012788 seconds 
Number of asset objects unloaded after import = 3
========================================================================
Received Import Request.
  Time since last request: 50.193475 seconds.
  path: Assets/Tiles/Main Palette.prefab
  artifactKey: Guid(502f0d1a3f915314cbde342bdf895344) Importer(815301076,1909f56bfc062723c751e8b465ee728b)
Number of updated assets reloaded before import = 0
Start importing Assets/Tiles/Main Palette.prefab using Guid(502f0d1a3f915314cbde342bdf895344) Importer(815301076,1909f56bfc062723c751e8b465ee728b)  -> (artifact id: '9c4d4729e8155a040ca1b0d438ec3018') in 0.104786 seconds 
Number of asset objects unloaded after import = 294
========================================================================
Received Import Request.
  Time since last request: 2.378433 seconds.
  path: Assets/Tiles/Main Palette.prefab
  artifactKey: Guid(502f0d1a3f915314cbde342bdf895344) Importer(815301076,1909f56bfc062723c751e8b465ee728b)
Number of updated assets reloaded before import = 0
Start importing Assets/Tiles/Main Palette.prefab using Guid(502f0d1a3f915314cbde342bdf895344) Importer(815301076,1909f56bfc062723c751e8b465ee728b)  -> (artifact id: '68e48282ed7ecd53709545d3c4c397a7') in 0.101736 seconds 
Number of asset objects unloaded after import = 294
========================================================================
Received Import Request.
  Time since last request: 9.270197 seconds.
  path: Assets/Tiles/Background Rule Tiling.asset
  artifactKey: Guid(dd1059a4f911f694ebd70e7a74f187a2) Importer(815301076,1909f56bfc062723c751e8b465ee728b)
Number of updated assets reloaded before import = 0
Start importing Assets/Tiles/Background Rule Tiling.asset using Guid(dd1059a4f911f694ebd70e7a74f187a2) Importer(815301076,1909f56bfc062723c751e8b465ee728b)  -> (artifact id: 'c67d04fb7c625d8f81d48951bc8b932c') in 0.010338 seconds 
Number of asset objects unloaded after import = 3
========================================================================
Received Import Request.
  Time since last request: 0.000020 seconds.
  path: Assets/Tiles/Main Palette.prefab
  artifactKey: Guid(502f0d1a3f915314cbde342bdf895344) Importer(815301076,1909f56bfc062723c751e8b465ee728b)
Number of updated assets reloaded before import = 0
Start importing Assets/Tiles/Main Palette.prefab using Guid(502f0d1a3f915314cbde342bdf895344) Importer(815301076,1909f56bfc062723c751e8b465ee728b)  -> (artifact id: 'd7137dfb6653c220ee99589d2055b344') in 0.107947 seconds 
Number of asset objects unloaded after import = 294
========================================================================
Received Import Request.
  Time since last request: 1473.597847 seconds.
  path: Assets/Sprites/Idle+(78x58).png
  artifactKey: Guid(b67460c7484c3324da03fc0048227bf1) Importer(815301076,1909f56bfc062723c751e8b465ee728b)
Number of updated assets reloaded before import = 0
Start importing Assets/Sprites/Idle+(78x58).png using Guid(b67460c7484c3324da03fc0048227bf1) Importer(815301076,1909f56bfc062723c751e8b465ee728b)  -> (artifact id: '6998154405b2e119872275110c72647e') in 0.034945 seconds 
Number of asset objects unloaded after import = 3
========================================================================
Received Import Request.
  Time since last request: 55.332716 seconds.
  path: Assets/Sprites
  artifactKey: Guid(41adceba11063ac429540b5dfe81965b) Importer(815301076,1909f56bfc062723c751e8b465ee728b)
Number of updated assets reloaded before import = 0
Start importing Assets/Sprites using Guid(41adceba11063ac429540b5dfe81965b) Importer(815301076,1909f56bfc062723c751e8b465ee728b)  -> (artifact id: '2d5441a0d7f30acea970147c8b9a1473') in 0.009508 seconds 
Number of asset objects unloaded after import = 0
========================================================================
Received Import Request.
  Time since last request: 9.568800 seconds.
  path: Assets/Sprites/Conqueror
  artifactKey: Guid(eb3464dc93a65d14f99cab6cbf175441) Importer(815301076,1909f56bfc062723c751e8b465ee728b)
Number of updated assets reloaded before import = 0
Start importing Assets/Sprites/Conqueror using Guid(eb3464dc93a65d14f99cab6cbf175441) Importer(815301076,1909f56bfc062723c751e8b465ee728b)  -> (artifact id: '69d0b295dc4ed5c09e305a5e94548e61') in 0.008641 seconds 
Number of asset objects unloaded after import = 0
========================================================================
Received Import Request.
  Time since last request: 68.733625 seconds.
  path: Assets/Sprites/Conqueror/Idle+(78x58).png
  artifactKey: Guid(b67460c7484c3324da03fc0048227bf1) Importer(815301076,1909f56bfc062723c751e8b465ee728b)
Number of updated assets reloaded before import = 0
Start importing Assets/Sprites/Conqueror/Idle+(78x58).png using Guid(b67460c7484c3324da03fc0048227bf1) Importer(815301076,1909f56bfc062723c751e8b465ee728b)  -> (artifact id: '1f1b0ce88af0f710f46340084ae5fa3f') in 0.012224 seconds 
Number of asset objects unloaded after import = 2
========================================================================
Received Import Request.
  Time since last request: 85.930045 seconds.
  path: Assets/Sprites/Conqueror/Idle+(78x58).png
  artifactKey: Guid(b67460c7484c3324da03fc0048227bf1) Importer(815301076,1909f56bfc062723c751e8b465ee728b)
Number of updated assets reloaded before import = 0
Start importing Assets/Sprites/Conqueror/Idle+(78x58).png using Guid(b67460c7484c3324da03fc0048227bf1) Importer(815301076,1909f56bfc062723c751e8b465ee728b)  -> (artifact id: '9ec85626669d9262d27db4b8ec4a3787') in 0.036020 seconds 
Number of asset objects unloaded after import = 13
========================================================================
Received Import Request.
  Time since last request: 85.325053 seconds.
  path: Assets/Idle+(78x58).png
  artifactKey: Guid(ef717a6c9d9304e40b407be4815b83c0) Importer(815301076,1909f56bfc062723c751e8b465ee728b)
Number of updated assets reloaded before import = 0
Start importing Assets/Idle+(78x58).png using Guid(ef717a6c9d9304e40b407be4815b83c0) Importer(815301076,1909f56bfc062723c751e8b465ee728b)  -> (artifact id: '86cef096e401f46952165cdb70be188f') in 0.021409 seconds 
Number of asset objects unloaded after import = 3
========================================================================
Received Import Request.
  Time since last request: 71.166440 seconds.
  path: Assets
  artifactKey: Guid(00000000000000001000000000000000) Importer(815301076,1909f56bfc062723c751e8b465ee728b)
Number of updated assets reloaded before import = 0
Start importing Assets using Guid(00000000000000001000000000000000) Importer(815301076,1909f56bfc062723c751e8b465ee728b)  -> (artifact id: '242eb3f8ccddee1d20804eaa3e2360db') in 0.008473 seconds 
Number of asset objects unloaded after import = 0
========================================================================
Received Import Request.
  Time since last request: 5.175009 seconds.
  path: Assets/Animations
  artifactKey: Guid(cd119c0f1b96a024bba1fe31174eeccb) Importer(815301076,1909f56bfc062723c751e8b465ee728b)
Number of updated assets reloaded before import = 0
Start importing Assets/Animations using Guid(cd119c0f1b96a024bba1fe31174eeccb) Importer(815301076,1909f56bfc062723c751e8b465ee728b)  -> (artifact id: '528340be71b0a34d54b3d9ed85b528b9') in 0.008434 seconds 
Number of asset objects unloaded after import = 0
========================================================================
Received Import Request.
  Time since last request: 24.626640 seconds.
  path: Assets/Animations/New Animator Controller.controller
  artifactKey: Guid(ab589f9c72487f241be54638544027b0) Importer(815301076,1909f56bfc062723c751e8b465ee728b)
Number of updated assets reloaded before import = 0
Start importing Assets/Animations/New Animator Controller.controller using Guid(ab589f9c72487f241be54638544027b0) Importer(815301076,1909f56bfc062723c751e8b465ee728b)  -> (artifact id: '47a970781f588448c52d5859758d62a0') in 0.013085 seconds 
Number of asset objects unloaded after import = 1
========================================================================
Received Import Request.
  Time since last request: 6.193885 seconds.
  path: Assets/Animations/Player.controller
  artifactKey: Guid(ab589f9c72487f241be54638544027b0) Importer(815301076,1909f56bfc062723c751e8b465ee728b)
Number of updated assets reloaded before import = 0
Start importing Assets/Animations/Player.controller using Guid(ab589f9c72487f241be54638544027b0) Importer(815301076,1909f56bfc062723c751e8b465ee728b)  -> (artifact id: '21a7e36d0fbe86aa3d3d9a65195c9d29') in 0.008970 seconds 
Number of asset objects unloaded after import = 2
========================================================================
Received Import Request.
  Time since last request: 119.518047 seconds.
  path: Assets/Sprites/Conqueror/Idling.anim
  artifactKey: Guid(a11bbb418368e5b44a7c8c303463067c) Importer(815301076,1909f56bfc062723c751e8b465ee728b)
Number of updated assets reloaded before import = 0
Start importing Assets/Sprites/Conqueror/Idling.anim using Guid(a11bbb418368e5b44a7c8c303463067c) Importer(815301076,1909f56bfc062723c751e8b465ee728b)  -> (artifact id: 'd1b44ca87cb6b86f483ab85b21ee3a11') in 0.011231 seconds 
Number of asset objects unloaded after import = 1
========================================================================
Received Import Request.
  Time since last request: 35.179205 seconds.
  path: Assets/Animations/Idling.anim
  artifactKey: Guid(a11bbb418368e5b44a7c8c303463067c) Importer(815301076,1909f56bfc062723c751e8b465ee728b)
Number of updated assets reloaded before import = 0
Start importing Assets/Animations/Idling.anim using Guid(a11bbb418368e5b44a7c8c303463067c) Importer(815301076,1909f56bfc062723c751e8b465ee728b)  -> (artifact id: 'f1b007e1a0b41acc1e7bea7e5f6ce6cd') in 0.002773 seconds 
Number of asset objects unloaded after import = 1
========================================================================
Received Prepare
Registering precompiled user dll's ...
Registered in 0.012032 seconds.
Begin MonoManager ReloadAssembly
Native extension for WindowsStandalone target not found
Refreshing native plugins compatible for Editor in 0.73 ms, found 4 plugins.
Preloading 0 native plugins for Editor in 0.00 ms.
[Package Manager] Server::EnsureServerProcessIsRunning -- launch failed, reason: Unity was launched with the -noUpm command-line argument
[Package Manager] Cannot connect to Unity Package Manager local server
Mono: successfully reloaded assembly
- Completed reload, in  1.491 seconds
Domain Reload Profiling:
	ReloadAssembly (1492ms)
		BeginReloadAssembly (182ms)
			ExecutionOrderSort (0ms)
			DisableScriptedObjects (8ms)
			BackupInstance (0ms)
			ReleaseScriptingObjects (0ms)
			CreateAndSetChildDomain (46ms)
		EndReloadAssembly (1204ms)
			LoadAssemblies (122ms)
			RebuildTransferFunctionScriptingTraits (0ms)
			SetupTypeCache (268ms)
			ReleaseScriptCaches (1ms)
			RebuildScriptCaches (49ms)
			SetupLoadedEditorAssemblies (743ms)
				LogAssemblyErrors (0ms)
				InitializePlatformSupportModulesInManaged (6ms)
				SetLoadedEditorAssemblies (1ms)
				RefreshPlugins (1ms)
				BeforeProcessingInitializeOnLoad (87ms)
				ProcessInitializeOnLoadAttributes (598ms)
				ProcessInitializeOnLoadMethodAttributes (40ms)
				AfterProcessingInitializeOnLoad (10ms)
				EditorAssembliesLoaded (0ms)
			ExecutionOrderSort2 (0ms)
			AwakeInstancesAfterBackupRestoration (8ms)
Platform modules already initialized, skipping
Refreshing native plugins compatible for Editor in 0.74 ms, found 4 plugins.
Preloading 0 native plugins for Editor in 0.00 ms.
Unloading 3851 Unused Serialized files (Serialized files now loaded: 0)
Unloading 27 unused Assets / (21.9 KB). Loaded Objects now: 4341.
Memory consumption went from 151.5 MB to 151.5 MB.
Total: 4.383700 ms (FindLiveObjects: 0.578400 ms CreateObjectMapping: 0.520500 ms MarkObjects: 3.244100 ms  DeleteObjects: 0.039400 ms)

AssetImportParameters requested are different than current active one (requested -> active):
  custom:video-decoder-ogg-theora: a1e56fd34408186e4bbccfd4996cb3dc -> 
  custom:container-muxer-webm: aa71ff27fc2769a1b78a27578f13a17b -> 
  custom:container-demuxer-webm: 4f35f7cbe854078d1ac9338744f61a02 -> 
  custom:video-encoder-webm-vp8: eb34c28f22e8b96e1ab97ce403110664 -> 
  custom:video-codec-MediaFoundation-h265: 746d11721c4dcdbdad8f713fa42b33f4 -> 
  custom:CustomObjectIndexerAttribute: bc11b3a6c3213fcdd17b65e7da85e133 -> 
  custom:audio-encoder-webm-vorbis: bf7c407c2cedff20999df2af8eb42d56 -> 
  custom:framework-win-MediaFoundation: 216162199b28c13a410421893ffa2e32 -> 
  custom:SearchIndexIgnoredProperties: e643bd26f0fe6173181afceb89e7c659 -> 
  custom:container-demuxer-ogg: 62fdf1f143b41e24485cea50d1cbac27 -> 
  custom:video-decoder-webm-vp8: 9c59270c3fd7afecdb556c50c9e8de78 -> 
  custom:audio-decoder-ogg-vorbis: bf7c407c2cedff20999df2af8eb42d56 -> 
========================================================================
Received Import Request.
  Time since last request: 130.841306 seconds.
  path: Assets/Animations/Player.controller
  artifactKey: Guid(ab589f9c72487f241be54638544027b0) Importer(815301076,1909f56bfc062723c751e8b465ee728b)
Number of updated assets reloaded before import = 0
Start importing Assets/Animations/Player.controller using Guid(ab589f9c72487f241be54638544027b0) Importer(815301076,1909f56bfc062723c751e8b465ee728b)  -> (artifact id: '0ef9d20c2dc211d129f6acd947b78245') in 0.025648 seconds 
Number of asset objects unloaded after import = 4
========================================================================
Received Import Request.
  Time since last request: 42.604260 seconds.
  path: Assets/Sprites/Conqueror/Idling.anim
  artifactKey: Guid(c036728dbc9a97e41932a7ff47fac88f) Importer(815301076,1909f56bfc062723c751e8b465ee728b)
Number of updated assets reloaded before import = 0
Start importing Assets/Sprites/Conqueror/Idling.anim using Guid(c036728dbc9a97e41932a7ff47fac88f) Importer(815301076,1909f56bfc062723c751e8b465ee728b)  -> (artifact id: '99986216b6344f1295a38b414261b46d') in 0.003460 seconds 
Number of asset objects unloaded after import = 1
========================================================================
Received Import Request.
  Time since last request: 15.862447 seconds.
  path: Assets/Animations/Idling.anim
  artifactKey: Guid(c036728dbc9a97e41932a7ff47fac88f) Importer(815301076,1909f56bfc062723c751e8b465ee728b)
Number of updated assets reloaded before import = 0
Start importing Assets/Animations/Idling.anim using Guid(c036728dbc9a97e41932a7ff47fac88f) Importer(815301076,1909f56bfc062723c751e8b465ee728b)  -> (artifact id: 'd09e95a85d38f73d5aa102264fe8346c') in 0.003216 seconds 
Number of asset objects unloaded after import = 1
========================================================================
Received Prepare
Registering precompiled user dll's ...
Registered in 0.010343 seconds.
Begin MonoManager ReloadAssembly
Native extension for WindowsStandalone target not found
Refreshing native plugins compatible for Editor in 0.68 ms, found 4 plugins.
Preloading 0 native plugins for Editor in 0.00 ms.
[Package Manager] Server::EnsureServerProcessIsRunning -- launch failed, reason: Unity was launched with the -noUpm command-line argument
[Package Manager] Cannot connect to Unity Package Manager local server
Mono: successfully reloaded assembly
- Completed reload, in  1.458 seconds
Domain Reload Profiling:
	ReloadAssembly (1459ms)
		BeginReloadAssembly (165ms)
			ExecutionOrderSort (0ms)
			DisableScriptedObjects (7ms)
			BackupInstance (0ms)
			ReleaseScriptingObjects (0ms)
			CreateAndSetChildDomain (39ms)
		EndReloadAssembly (1185ms)
			LoadAssemblies (118ms)
			RebuildTransferFunctionScriptingTraits (0ms)
			SetupTypeCache (252ms)
			ReleaseScriptCaches (2ms)
			RebuildScriptCaches (49ms)
			SetupLoadedEditorAssemblies (749ms)
				LogAssemblyErrors (0ms)
				InitializePlatformSupportModulesInManaged (7ms)
				SetLoadedEditorAssemblies (1ms)
				RefreshPlugins (1ms)
				BeforeProcessingInitializeOnLoad (86ms)
				ProcessInitializeOnLoadAttributes (608ms)
				ProcessInitializeOnLoadMethodAttributes (37ms)
				AfterProcessingInitializeOnLoad (10ms)
				EditorAssembliesLoaded (0ms)
			ExecutionOrderSort2 (0ms)
			AwakeInstancesAfterBackupRestoration (9ms)
Platform modules already initialized, skipping
Refreshing native plugins compatible for Editor in 0.73 ms, found 4 plugins.
Preloading 0 native plugins for Editor in 0.00 ms.
Unloading 3851 Unused Serialized files (Serialized files now loaded: 0)
Unloading 26 unused Assets / (22.0 KB). Loaded Objects now: 4344.
Memory consumption went from 151.5 MB to 151.5 MB.
Total: 3.529900 ms (FindLiveObjects: 0.337500 ms CreateObjectMapping: 0.279200 ms MarkObjects: 2.882100 ms  DeleteObjects: 0.029900 ms)

AssetImportParameters requested are different than current active one (requested -> active):
  custom:video-decoder-ogg-theora: a1e56fd34408186e4bbccfd4996cb3dc -> 
  custom:container-muxer-webm: aa71ff27fc2769a1b78a27578f13a17b -> 
  custom:container-demuxer-webm: 4f35f7cbe854078d1ac9338744f61a02 -> 
  custom:video-encoder-webm-vp8: eb34c28f22e8b96e1ab97ce403110664 -> 
  custom:video-codec-MediaFoundation-h265: 746d11721c4dcdbdad8f713fa42b33f4 -> 
  custom:CustomObjectIndexerAttribute: bc11b3a6c3213fcdd17b65e7da85e133 -> 
  custom:audio-encoder-webm-vorbis: bf7c407c2cedff20999df2af8eb42d56 -> 
  custom:framework-win-MediaFoundation: 216162199b28c13a410421893ffa2e32 -> 
  custom:SearchIndexIgnoredProperties: e643bd26f0fe6173181afceb89e7c659 -> 
  custom:container-demuxer-ogg: 62fdf1f143b41e24485cea50d1cbac27 -> 
  custom:video-decoder-webm-vp8: 9c59270c3fd7afecdb556c50c9e8de78 -> 
  custom:audio-decoder-ogg-vorbis: bf7c407c2cedff20999df2af8eb42d56 -> 
========================================================================
Received Prepare
Registering precompiled user dll's ...
Registered in 0.010668 seconds.
Begin MonoManager ReloadAssembly
Native extension for WindowsStandalone target not found
Refreshing native plugins compatible for Editor in 1.04 ms, found 4 plugins.
Preloading 0 native plugins for Editor in 0.00 ms.
[Package Manager] Server::EnsureServerProcessIsRunning -- launch failed, reason: Unity was launched with the -noUpm command-line argument
[Package Manager] Cannot connect to Unity Package Manager local server
Mono: successfully reloaded assembly
- Completed reload, in  1.587 seconds
Domain Reload Profiling:
	ReloadAssembly (1588ms)
		BeginReloadAssembly (169ms)
			ExecutionOrderSort (0ms)
			DisableScriptedObjects (7ms)
			BackupInstance (0ms)
			ReleaseScriptingObjects (0ms)
			CreateAndSetChildDomain (35ms)
		EndReloadAssembly (1294ms)
			LoadAssemblies (128ms)
			RebuildTransferFunctionScriptingTraits (0ms)
			SetupTypeCache (292ms)
			ReleaseScriptCaches (2ms)
			RebuildScriptCaches (74ms)
			SetupLoadedEditorAssemblies (775ms)
				LogAssemblyErrors (0ms)
				InitializePlatformSupportModulesInManaged (9ms)
				SetLoadedEditorAssemblies (1ms)
				RefreshPlugins (1ms)
				BeforeProcessingInitializeOnLoad (110ms)
				ProcessInitializeOnLoadAttributes (608ms)
				ProcessInitializeOnLoadMethodAttributes (36ms)
				AfterProcessingInitializeOnLoad (10ms)
				EditorAssembliesLoaded (0ms)
			ExecutionOrderSort2 (0ms)
			AwakeInstancesAfterBackupRestoration (8ms)
Platform modules already initialized, skipping
Refreshing native plugins compatible for Editor in 0.67 ms, found 4 plugins.
Preloading 0 native plugins for Editor in 0.00 ms.
Unloading 3851 Unused Serialized files (Serialized files now loaded: 0)
Unloading 26 unused Assets / (21.9 KB). Loaded Objects now: 4347.
Memory consumption went from 151.6 MB to 151.5 MB.
Total: 3.390500 ms (FindLiveObjects: 0.300600 ms CreateObjectMapping: 0.269900 ms MarkObjects: 2.791200 ms  DeleteObjects: 0.027500 ms)

AssetImportParameters requested are different than current active one (requested -> active):
  custom:video-decoder-ogg-theora: a1e56fd34408186e4bbccfd4996cb3dc -> 
  custom:container-muxer-webm: aa71ff27fc2769a1b78a27578f13a17b -> 
  custom:container-demuxer-webm: 4f35f7cbe854078d1ac9338744f61a02 -> 
  custom:video-encoder-webm-vp8: eb34c28f22e8b96e1ab97ce403110664 -> 
  custom:video-codec-MediaFoundation-h265: 746d11721c4dcdbdad8f713fa42b33f4 -> 
  custom:CustomObjectIndexerAttribute: bc11b3a6c3213fcdd17b65e7da85e133 -> 
  custom:audio-encoder-webm-vorbis: bf7c407c2cedff20999df2af8eb42d56 -> 
  custom:framework-win-MediaFoundation: 216162199b28c13a410421893ffa2e32 -> 
  custom:SearchIndexIgnoredProperties: e643bd26f0fe6173181afceb89e7c659 -> 
  custom:container-demuxer-ogg: 62fdf1f143b41e24485cea50d1cbac27 -> 
  custom:video-decoder-webm-vp8: 9c59270c3fd7afecdb556c50c9e8de78 -> 
  custom:audio-decoder-ogg-vorbis: bf7c407c2cedff20999df2af8eb42d56 -> 
========================================================================
Received Prepare
Registering precompiled user dll's ...
Registered in 0.010413 seconds.
Begin MonoManager ReloadAssembly
Native extension for WindowsStandalone target not found
Refreshing native plugins compatible for Editor in 0.75 ms, found 4 plugins.
Preloading 0 native plugins for Editor in 0.00 ms.
[Package Manager] Server::EnsureServerProcessIsRunning -- launch failed, reason: Unity was launched with the -noUpm command-line argument
[Package Manager] Cannot connect to Unity Package Manager local server
Mono: successfully reloaded assembly
- Completed reload, in  1.549 seconds
Domain Reload Profiling:
	ReloadAssembly (1550ms)
		BeginReloadAssembly (165ms)
			ExecutionOrderSort (0ms)
			DisableScriptedObjects (7ms)
			BackupInstance (0ms)
			ReleaseScriptingObjects (0ms)
			CreateAndSetChildDomain (38ms)
		EndReloadAssembly (1269ms)
			LoadAssemblies (122ms)
			RebuildTransferFunctionScriptingTraits (0ms)
			SetupTypeCache (291ms)
			ReleaseScriptCaches (2ms)
			RebuildScriptCaches (54ms)
			SetupLoadedEditorAssemblies (778ms)
				LogAssemblyErrors (0ms)
				InitializePlatformSupportModulesInManaged (7ms)
				SetLoadedEditorAssemblies (1ms)
				RefreshPlugins (1ms)
				BeforeProcessingInitializeOnLoad (93ms)
				ProcessInitializeOnLoadAttributes (624ms)
				ProcessInitializeOnLoadMethodAttributes (43ms)
				AfterProcessingInitializeOnLoad (11ms)
				EditorAssembliesLoaded (0ms)
			ExecutionOrderSort2 (0ms)
			AwakeInstancesAfterBackupRestoration (9ms)
Platform modules already initialized, skipping
Refreshing native plugins compatible for Editor in 1.25 ms, found 4 plugins.
Preloading 0 native plugins for Editor in 0.00 ms.
Unloading 3851 Unused Serialized files (Serialized files now loaded: 0)
Unloading 26 unused Assets / (21.9 KB). Loaded Objects now: 4350.
Memory consumption went from 151.6 MB to 151.5 MB.
Total: 3.428200 ms (FindLiveObjects: 0.344400 ms CreateObjectMapping: 0.391100 ms MarkObjects: 2.663200 ms  DeleteObjects: 0.028300 ms)

AssetImportParameters requested are different than current active one (requested -> active):
  custom:video-decoder-ogg-theora: a1e56fd34408186e4bbccfd4996cb3dc -> 
  custom:container-muxer-webm: aa71ff27fc2769a1b78a27578f13a17b -> 
  custom:container-demuxer-webm: 4f35f7cbe854078d1ac9338744f61a02 -> 
  custom:video-encoder-webm-vp8: eb34c28f22e8b96e1ab97ce403110664 -> 
  custom:video-codec-MediaFoundation-h265: 746d11721c4dcdbdad8f713fa42b33f4 -> 
  custom:CustomObjectIndexerAttribute: bc11b3a6c3213fcdd17b65e7da85e133 -> 
  custom:audio-encoder-webm-vorbis: bf7c407c2cedff20999df2af8eb42d56 -> 
  custom:framework-win-MediaFoundation: 216162199b28c13a410421893ffa2e32 -> 
  custom:SearchIndexIgnoredProperties: e643bd26f0fe6173181afceb89e7c659 -> 
  custom:container-demuxer-ogg: 62fdf1f143b41e24485cea50d1cbac27 -> 
  custom:video-decoder-webm-vp8: 9c59270c3fd7afecdb556c50c9e8de78 -> 
  custom:audio-decoder-ogg-vorbis: bf7c407c2cedff20999df2af8eb42d56 -> 
